--- norm(estimated covariance - data covariance) = 1.8255346774989043
1.8255698680877686
--- likelihood: -30156115968.0, sparsity: 35.10572052001953, mG: 25.0, total score: -30156115968.0
--- B_distance: 9.880437850952148
tensor([[-1.0359,  0.5311,  0.4708, -2.7599,  2.1587],
        [-1.2475,  0.9841,  0.6425, -3.2315,  3.1019],
        [ 0.3771, -0.2916, -0.0098, -1.3117, -0.3560],
        [-2.4470,  0.3212,  0.3905, -2.1689,  1.5973],
        [ 2.8191, -0.4311, -0.5796,  3.4330, -2.4079]], device='cuda:0',
       grad_fn=<CloneBackward0>) 
 tensor([[ 0.0000, -1.5284,  0.0000,  0.0000,  0.0000],
        [ 0.0000,  0.0000,  1.8913,  0.0000,  0.0000],
        [ 0.0000,  0.0000,  0.0000,  0.0000,  0.0000],
        [ 0.0000,  0.0000,  0.0000,  0.0000, -1.3940],
        [-1.1278,  0.0000,  0.0000,  0.0000,  0.0000]], device='cuda:0')
--- likelihood: -55551361024.0, sparsity: 39.706642150878906, mG: 25.0, total score: -55551361024.0
--- B_distance: 10.958754539489746
tensor([[-1.2412,  0.6510,  0.5079, -3.0763,  2.4228],
        [-1.4797,  1.1513,  0.6969, -3.6153,  3.4085],
        [ 0.3623, -0.2879, -0.0123, -1.3280, -0.3369],
        [-2.6539,  0.4857,  0.4518, -2.5288,  1.8720],
        [ 3.1025, -0.6519, -0.6732,  3.9306, -2.7781]], device='cuda:0',
       grad_fn=<CloneBackward0>) 
 tensor([[ 0.0000, -1.5284,  0.0000,  0.0000,  0.0000],
        [ 0.0000,  0.0000,  1.8913,  0.0000,  0.0000],
        [ 0.0000,  0.0000,  0.0000,  0.0000,  0.0000],
        [ 0.0000,  0.0000,  0.0000,  0.0000, -1.3940],
        [-1.1278,  0.0000,  0.0000,  0.0000,  0.0000]], device='cuda:0')
--- likelihood: -74138689536.0, sparsity: 42.08485412597656, mG: 25.0, total score: -74138689536.0
--- B_distance: 11.529624938964844
tensor([[-1.3283,  0.7569,  0.5472, -3.2581,  2.5489],
        [-1.5932,  1.2441,  0.7312, -3.8149,  3.5606],
        [ 0.3577, -0.2800, -0.0087, -1.3401, -0.3298],
        [-2.7580,  0.5777,  0.4781, -2.7113,  2.0160],
        [ 3.2679, -0.7207, -0.7063,  4.1717, -2.9775]], device='cuda:0',
       grad_fn=<CloneBackward0>) 
 tensor([[ 0.0000, -1.5284,  0.0000,  0.0000,  0.0000],
        [ 0.0000,  0.0000,  1.8913,  0.0000,  0.0000],
        [ 0.0000,  0.0000,  0.0000,  0.0000,  0.0000],
        [ 0.0000,  0.0000,  0.0000,  0.0000, -1.3940],
        [-1.1278,  0.0000,  0.0000,  0.0000,  0.0000]], device='cuda:0')
--- likelihood: -88205746176.0, sparsity: 43.486515045166016, mG: 25.0, total score: -88205746176.0
--- B_distance: 11.856623649597168
tensor([[-1.3943,  0.7857,  0.5682, -3.3612,  2.6258],
        [-1.6665,  1.2834,  0.7518, -3.9314,  3.6503],
        [ 0.3500, -0.2862, -0.0086, -1.3450, -0.3240],
        [-2.8042,  0.6591,  0.5078, -2.8290,  2.0906],
        [ 3.3596, -0.7789, -0.7156,  4.3095, -3.0997]], device='cuda:0',
       grad_fn=<CloneBackward0>) 
 tensor([[ 0.0000, -1.5284,  0.0000,  0.0000,  0.0000],
        [ 0.0000,  0.0000,  1.8913,  0.0000,  0.0000],
        [ 0.0000,  0.0000,  0.0000,  0.0000,  0.0000],
        [ 0.0000,  0.0000,  0.0000,  0.0000, -1.3940],
        [-1.1278,  0.0000,  0.0000,  0.0000,  0.0000]], device='cuda:0')
--- likelihood: -103113662464.0, sparsity: 44.97791290283203, mG: 25.0, total score: -103113662464.0
--- B_distance: 12.210684776306152
tensor([[-1.4586e+00,  8.4223e-01,  5.9532e-01, -3.4820e+00,  2.7105e+00],
        [-1.7311e+00,  1.3511e+00,  7.8761e-01, -4.0665e+00,  3.7377e+00],
        [ 3.4727e-01, -2.8316e-01, -6.5893e-04, -1.3559e+00, -3.2252e-01],
        [-2.8550e+00,  7.4206e-01,  5.3674e-01, -2.9534e+00,  2.1724e+00],
        [ 3.4708e+00, -7.9708e-01, -7.1424e-01,  4.4354e+00, -3.2285e+00]],
       device='cuda:0', grad_fn=<CloneBackward0>) 
 tensor([[ 0.0000, -1.5284,  0.0000,  0.0000,  0.0000],
        [ 0.0000,  0.0000,  1.8913,  0.0000,  0.0000],
        [ 0.0000,  0.0000,  0.0000,  0.0000,  0.0000],
        [ 0.0000,  0.0000,  0.0000,  0.0000, -1.3940],
        [-1.1278,  0.0000,  0.0000,  0.0000,  0.0000]], device='cuda:0')
--- likelihood: -163115057152.0, sparsity: 46.0615348815918, mG: 25.0, total score: -163115057152.0
--- B_distance: 12.460858345031738
tensor([[-1.5469,  0.7216,  0.6884, -3.5893,  2.7323],
        [-1.7569,  1.4806,  0.7677, -4.1463,  3.8244],
        [ 0.3441, -0.2890,  0.0103, -1.3659, -0.3244],
        [-2.8583,  0.9618,  0.4389, -2.9920,  2.2942],
        [ 3.5531, -0.7573, -0.7794,  4.5541, -3.2842]], device='cuda:0',
       grad_fn=<CloneBackward0>) 
 tensor([[ 0.0000, -1.5284,  0.0000,  0.0000,  0.0000],
        [ 0.0000,  0.0000,  1.8913,  0.0000,  0.0000],
        [ 0.0000,  0.0000,  0.0000,  0.0000,  0.0000],
        [ 0.0000,  0.0000,  0.0000,  0.0000, -1.3940],
        [-1.1278,  0.0000,  0.0000,  0.0000,  0.0000]], device='cuda:0')
--- likelihood: -121149456384.0, sparsity: 46.567527770996094, mG: 25.0, total score: -121149456384.0
--- B_distance: 12.593587875366211
tensor([[-1.5697e+00,  7.3822e-01,  6.9756e-01, -3.6322e+00,  2.7618e+00],
        [-1.7776e+00,  1.5222e+00,  7.6072e-01, -4.1842e+00,  3.8673e+00],
        [ 3.4327e-01, -2.8098e-01,  4.4764e-03, -1.3662e+00, -3.1914e-01],
        [-2.8736e+00,  1.0222e+00,  4.1318e-01, -3.0164e+00,  2.3423e+00],
        [ 3.5917e+00, -7.2925e-01, -8.2560e-01,  4.6201e+00, -3.3077e+00]],
       device='cuda:0', grad_fn=<CloneBackward0>) 
 tensor([[ 0.0000, -1.5284,  0.0000,  0.0000,  0.0000],
        [ 0.0000,  0.0000,  1.8913,  0.0000,  0.0000],
        [ 0.0000,  0.0000,  0.0000,  0.0000,  0.0000],
        [ 0.0000,  0.0000,  0.0000,  0.0000, -1.3940],
        [-1.1278,  0.0000,  0.0000,  0.0000,  0.0000]], device='cuda:0')
--- likelihood: -84942290944.0, sparsity: 47.01792907714844, mG: 25.0, total score: -84942290944.0
--- B_distance: 12.70851993560791
tensor([[-1.5972,  0.7577,  0.6869, -3.6604,  2.7988],
        [-1.7987,  1.5564,  0.7545, -4.2180,  3.9047],
        [ 0.3416, -0.2672, -0.0101, -1.3619, -0.3093],
        [-2.8900,  1.0512,  0.4138, -3.0487,  2.3717],
        [ 3.6191, -0.7308, -0.8593,  4.6791, -3.3309]], device='cuda:0',
       grad_fn=<CloneBackward0>) 
 tensor([[ 0.0000, -1.5284,  0.0000,  0.0000,  0.0000],
        [ 0.0000,  0.0000,  1.8913,  0.0000,  0.0000],
        [ 0.0000,  0.0000,  0.0000,  0.0000,  0.0000],
        [ 0.0000,  0.0000,  0.0000,  0.0000, -1.3940],
        [-1.1278,  0.0000,  0.0000,  0.0000,  0.0000]], device='cuda:0')
--- likelihood: -183601659904.0, sparsity: 47.360511779785156, mG: 25.0, total score: -183601659904.0
--- B_distance: 12.789076805114746
tensor([[-1.6163,  0.7551,  0.7005, -3.6914,  2.8151],
        [-1.8142,  1.5724,  0.7580, -4.2461,  3.9288],
        [ 0.3401, -0.2652, -0.0124, -1.3624, -0.3065],
        [-2.9024,  1.0699,  0.4146, -3.0723,  2.3942],
        [ 3.6381, -0.7498, -0.8624,  4.7118, -3.3602]], device='cuda:0',
       grad_fn=<CloneBackward0>) 
 tensor([[ 0.0000, -1.5284,  0.0000,  0.0000,  0.0000],
        [ 0.0000,  0.0000,  1.8913,  0.0000,  0.0000],
        [ 0.0000,  0.0000,  0.0000,  0.0000,  0.0000],
        [ 0.0000,  0.0000,  0.0000,  0.0000, -1.3940],
        [-1.1278,  0.0000,  0.0000,  0.0000,  0.0000]], device='cuda:0')
--- likelihood: -120342061056.0, sparsity: 47.637451171875, mG: 25.0, total score: -120342061056.0
--- B_distance: 12.857309341430664
tensor([[-1.6316,  0.7619,  0.7008, -3.7123,  2.8333],
        [-1.8282,  1.5840,  0.7613, -4.2700,  3.9477],
        [ 0.3392, -0.2578, -0.0197, -1.3605, -0.3014],
        [-2.9142,  1.0842,  0.4160, -3.0931,  2.4123],
        [ 3.6553, -0.7552, -0.8746,  4.7443, -3.3787]], device='cuda:0',
       grad_fn=<CloneBackward0>) 
 tensor([[ 0.0000, -1.5284,  0.0000,  0.0000,  0.0000],
        [ 0.0000,  0.0000,  1.8913,  0.0000,  0.0000],
        [ 0.0000,  0.0000,  0.0000,  0.0000,  0.0000],
        [ 0.0000,  0.0000,  0.0000,  0.0000, -1.3940],
        [-1.1278,  0.0000,  0.0000,  0.0000,  0.0000]], device='cuda:0')
--- likelihood: -72429581893632.0, sparsity: 47.762142181396484, mG: 25.0, total score: -72429581893632.0
--- B_distance: 12.895129203796387
tensor([[-1.6404,  0.8542,  0.6017, -3.6768,  2.8981],
        [-1.8348,  1.5814,  0.7709, -4.2857,  3.9525],
        [ 0.3384, -0.2468, -0.0324, -1.3553, -0.2938],
        [-2.9195,  1.0530,  0.4582, -3.1232,  2.3982],
        [ 3.6619, -0.7302, -0.9114,  4.7739, -3.3694]], device='cuda:0',
       grad_fn=<CloneBackward0>) 
 tensor([[ 0.0000, -1.5284,  0.0000,  0.0000,  0.0000],
        [ 0.0000,  0.0000,  1.8913,  0.0000,  0.0000],
        [ 0.0000,  0.0000,  0.0000,  0.0000,  0.0000],
        [ 0.0000,  0.0000,  0.0000,  0.0000, -1.3940],
        [-1.1278,  0.0000,  0.0000,  0.0000,  0.0000]], device='cuda:0')
--- likelihood: -138800617488384.0, sparsity: 47.77363204956055, mG: 25.0, total score: -138800617488384.0
--- B_distance: 12.893172264099121
tensor([[-1.6425,  0.7783,  0.6789, -3.7129,  2.8553],
        [-1.8349,  1.5935,  0.7591, -4.2806,  3.9593],
        [ 0.3382, -0.2532, -0.0259, -1.3583, -0.2974],
        [-2.9188,  1.0920,  0.4195, -3.1057,  2.4200],
        [ 3.6620, -0.7485, -0.8931,  4.7658, -3.3799]], device='cuda:0',
       grad_fn=<CloneBackward0>) 
 tensor([[ 0.0000, -1.5284,  0.0000,  0.0000,  0.0000],
        [ 0.0000,  0.0000,  1.8913,  0.0000,  0.0000],
        [ 0.0000,  0.0000,  0.0000,  0.0000,  0.0000],
        [ 0.0000,  0.0000,  0.0000,  0.0000, -1.3940],
        [-1.1278,  0.0000,  0.0000,  0.0000,  0.0000]], device='cuda:0')
--- likelihood: -138800617488384.0, sparsity: 47.77363204956055, mG: 25.0, total score: -138800617488384.0
--- B_distance: 12.893172264099121
tensor([[-1.6425,  0.7783,  0.6789, -3.7129,  2.8553],
        [-1.8349,  1.5935,  0.7591, -4.2806,  3.9593],
        [ 0.3382, -0.2532, -0.0259, -1.3583, -0.2974],
        [-2.9188,  1.0920,  0.4195, -3.1057,  2.4200],
        [ 3.6620, -0.7485, -0.8931,  4.7658, -3.3799]], device='cuda:0',
       grad_fn=<CloneBackward0>) 
 tensor([[ 0.0000, -1.5284,  0.0000,  0.0000,  0.0000],
        [ 0.0000,  0.0000,  1.8913,  0.0000,  0.0000],
        [ 0.0000,  0.0000,  0.0000,  0.0000,  0.0000],
        [ 0.0000,  0.0000,  0.0000,  0.0000, -1.3940],
        [-1.1278,  0.0000,  0.0000,  0.0000,  0.0000]], device='cuda:0')
--- likelihood: -138800617488384.0, sparsity: 47.77363204956055, mG: 25.0, total score: -138800617488384.0
--- B_distance: 12.893172264099121
tensor([[-1.6425,  0.7783,  0.6789, -3.7129,  2.8553],
        [-1.8349,  1.5935,  0.7591, -4.2806,  3.9593],
        [ 0.3382, -0.2532, -0.0259, -1.3583, -0.2974],
        [-2.9188,  1.0920,  0.4195, -3.1057,  2.4200],
        [ 3.6620, -0.7485, -0.8931,  4.7658, -3.3799]], device='cuda:0',
       grad_fn=<CloneBackward0>) 
 tensor([[ 0.0000, -1.5284,  0.0000,  0.0000,  0.0000],
        [ 0.0000,  0.0000,  1.8913,  0.0000,  0.0000],
        [ 0.0000,  0.0000,  0.0000,  0.0000,  0.0000],
        [ 0.0000,  0.0000,  0.0000,  0.0000, -1.3940],
        [-1.1278,  0.0000,  0.0000,  0.0000,  0.0000]], device='cuda:0')
--- likelihood: -138800617488384.0, sparsity: 47.77363204956055, mG: 25.0, total score: -138800617488384.0
--- B_distance: 12.893172264099121
tensor([[-1.6425,  0.7783,  0.6789, -3.7129,  2.8553],
        [-1.8349,  1.5935,  0.7591, -4.2806,  3.9593],
        [ 0.3382, -0.2532, -0.0259, -1.3583, -0.2974],
        [-2.9188,  1.0920,  0.4195, -3.1057,  2.4200],
        [ 3.6620, -0.7485, -0.8931,  4.7658, -3.3799]], device='cuda:0',
       grad_fn=<CloneBackward0>) 
 tensor([[ 0.0000, -1.5284,  0.0000,  0.0000,  0.0000],
        [ 0.0000,  0.0000,  1.8913,  0.0000,  0.0000],
        [ 0.0000,  0.0000,  0.0000,  0.0000,  0.0000],
        [ 0.0000,  0.0000,  0.0000,  0.0000, -1.3940],
        [-1.1278,  0.0000,  0.0000,  0.0000,  0.0000]], device='cuda:0')
--- likelihood: -138800617488384.0, sparsity: 47.77363204956055, mG: 25.0, total score: -138800617488384.0
--- B_distance: 12.893172264099121
tensor([[-1.6425,  0.7783,  0.6789, -3.7129,  2.8553],
        [-1.8349,  1.5935,  0.7591, -4.2806,  3.9593],
        [ 0.3382, -0.2532, -0.0259, -1.3583, -0.2974],
        [-2.9188,  1.0920,  0.4195, -3.1057,  2.4200],
        [ 3.6620, -0.7485, -0.8931,  4.7658, -3.3799]], device='cuda:0',
       grad_fn=<CloneBackward0>) 
 tensor([[ 0.0000, -1.5284,  0.0000,  0.0000,  0.0000],
        [ 0.0000,  0.0000,  1.8913,  0.0000,  0.0000],
        [ 0.0000,  0.0000,  0.0000,  0.0000,  0.0000],
        [ 0.0000,  0.0000,  0.0000,  0.0000, -1.3940],
        [-1.1278,  0.0000,  0.0000,  0.0000,  0.0000]], device='cuda:0')
--- likelihood: -138800617488384.0, sparsity: 47.77363204956055, mG: 25.0, total score: -138800617488384.0
--- B_distance: 12.893172264099121
tensor([[-1.6425,  0.7783,  0.6789, -3.7129,  2.8553],
        [-1.8349,  1.5935,  0.7591, -4.2806,  3.9593],
        [ 0.3382, -0.2532, -0.0259, -1.3583, -0.2974],
        [-2.9188,  1.0920,  0.4195, -3.1057,  2.4200],
        [ 3.6620, -0.7485, -0.8931,  4.7658, -3.3799]], device='cuda:0',
       grad_fn=<CloneBackward0>) 
 tensor([[ 0.0000, -1.5284,  0.0000,  0.0000,  0.0000],
        [ 0.0000,  0.0000,  1.8913,  0.0000,  0.0000],
        [ 0.0000,  0.0000,  0.0000,  0.0000,  0.0000],
        [ 0.0000,  0.0000,  0.0000,  0.0000, -1.3940],
        [-1.1278,  0.0000,  0.0000,  0.0000,  0.0000]], device='cuda:0')
--- likelihood: -138800617488384.0, sparsity: 47.77363204956055, mG: 25.0, total score: -138800617488384.0
--- B_distance: 12.893172264099121
tensor([[-1.6425,  0.7783,  0.6789, -3.7129,  2.8553],
        [-1.8349,  1.5935,  0.7591, -4.2806,  3.9593],
        [ 0.3382, -0.2532, -0.0259, -1.3583, -0.2974],
        [-2.9188,  1.0920,  0.4195, -3.1057,  2.4200],
        [ 3.6620, -0.7485, -0.8931,  4.7658, -3.3799]], device='cuda:0',
       grad_fn=<CloneBackward0>) 
 tensor([[ 0.0000, -1.5284,  0.0000,  0.0000,  0.0000],
        [ 0.0000,  0.0000,  1.8913,  0.0000,  0.0000],
        [ 0.0000,  0.0000,  0.0000,  0.0000,  0.0000],
        [ 0.0000,  0.0000,  0.0000,  0.0000, -1.3940],
        [-1.1278,  0.0000,  0.0000,  0.0000,  0.0000]], device='cuda:0')
--- likelihood: -138800617488384.0, sparsity: 47.77363204956055, mG: 25.0, total score: -138800617488384.0
--- B_distance: 12.893172264099121
tensor([[-1.6425,  0.7783,  0.6789, -3.7129,  2.8553],
        [-1.8349,  1.5935,  0.7591, -4.2806,  3.9593],
        [ 0.3382, -0.2532, -0.0259, -1.3583, -0.2974],
        [-2.9188,  1.0920,  0.4195, -3.1057,  2.4200],
        [ 3.6620, -0.7485, -0.8931,  4.7658, -3.3799]], device='cuda:0',
       grad_fn=<CloneBackward0>) 
 tensor([[ 0.0000, -1.5284,  0.0000,  0.0000,  0.0000],
        [ 0.0000,  0.0000,  1.8913,  0.0000,  0.0000],
        [ 0.0000,  0.0000,  0.0000,  0.0000,  0.0000],
        [ 0.0000,  0.0000,  0.0000,  0.0000, -1.3940],
        [-1.1278,  0.0000,  0.0000,  0.0000,  0.0000]], device='cuda:0')
--- likelihood: -138800617488384.0, sparsity: 47.77363204956055, mG: 25.0, total score: -138800617488384.0
--- B_distance: 12.893172264099121
tensor([[-1.6425,  0.7783,  0.6789, -3.7129,  2.8553],
        [-1.8349,  1.5935,  0.7591, -4.2806,  3.9593],
        [ 0.3382, -0.2532, -0.0259, -1.3583, -0.2974],
        [-2.9188,  1.0920,  0.4195, -3.1057,  2.4200],
        [ 3.6620, -0.7485, -0.8931,  4.7658, -3.3799]], device='cuda:0',
       grad_fn=<CloneBackward0>) 
 tensor([[ 0.0000, -1.5284,  0.0000,  0.0000,  0.0000],
        [ 0.0000,  0.0000,  1.8913,  0.0000,  0.0000],
        [ 0.0000,  0.0000,  0.0000,  0.0000,  0.0000],
        [ 0.0000,  0.0000,  0.0000,  0.0000, -1.3940],
        [-1.1278,  0.0000,  0.0000,  0.0000,  0.0000]], device='cuda:0')
--- likelihood: -138800617488384.0, sparsity: 47.77363204956055, mG: 25.0, total score: -138800617488384.0
--- B_distance: 12.893172264099121
tensor([[-1.6425,  0.7783,  0.6789, -3.7129,  2.8553],
        [-1.8349,  1.5935,  0.7591, -4.2806,  3.9593],
        [ 0.3382, -0.2532, -0.0259, -1.3583, -0.2974],
        [-2.9188,  1.0920,  0.4195, -3.1057,  2.4200],
        [ 3.6620, -0.7485, -0.8931,  4.7658, -3.3799]], device='cuda:0',
       grad_fn=<CloneBackward0>) 
 tensor([[ 0.0000, -1.5284,  0.0000,  0.0000,  0.0000],
        [ 0.0000,  0.0000,  1.8913,  0.0000,  0.0000],
        [ 0.0000,  0.0000,  0.0000,  0.0000,  0.0000],
        [ 0.0000,  0.0000,  0.0000,  0.0000, -1.3940],
        [-1.1278,  0.0000,  0.0000,  0.0000,  0.0000]], device='cuda:0')
--- likelihood: -138800617488384.0, sparsity: 47.77363204956055, mG: 25.0, total score: -138800617488384.0
--- B_distance: 12.893172264099121
tensor([[-1.6425,  0.7783,  0.6789, -3.7129,  2.8553],
        [-1.8349,  1.5935,  0.7591, -4.2806,  3.9593],
        [ 0.3382, -0.2532, -0.0259, -1.3583, -0.2974],
        [-2.9188,  1.0920,  0.4195, -3.1057,  2.4200],
        [ 3.6620, -0.7485, -0.8931,  4.7658, -3.3799]], device='cuda:0',
       grad_fn=<CloneBackward0>) 
 tensor([[ 0.0000, -1.5284,  0.0000,  0.0000,  0.0000],
        [ 0.0000,  0.0000,  1.8913,  0.0000,  0.0000],
        [ 0.0000,  0.0000,  0.0000,  0.0000,  0.0000],
        [ 0.0000,  0.0000,  0.0000,  0.0000, -1.3940],
        [-1.1278,  0.0000,  0.0000,  0.0000,  0.0000]], device='cuda:0')
--- likelihood: -138800617488384.0, sparsity: 47.77363204956055, mG: 25.0, total score: -138800617488384.0
--- B_distance: 12.893172264099121
tensor([[-1.6425,  0.7783,  0.6789, -3.7129,  2.8553],
        [-1.8349,  1.5935,  0.7591, -4.2806,  3.9593],
        [ 0.3382, -0.2532, -0.0259, -1.3583, -0.2974],
        [-2.9188,  1.0920,  0.4195, -3.1057,  2.4200],
        [ 3.6620, -0.7485, -0.8931,  4.7658, -3.3799]], device='cuda:0',
       grad_fn=<CloneBackward0>) 
 tensor([[ 0.0000, -1.5284,  0.0000,  0.0000,  0.0000],
        [ 0.0000,  0.0000,  1.8913,  0.0000,  0.0000],
        [ 0.0000,  0.0000,  0.0000,  0.0000,  0.0000],
        [ 0.0000,  0.0000,  0.0000,  0.0000, -1.3940],
        [-1.1278,  0.0000,  0.0000,  0.0000,  0.0000]], device='cuda:0')
--- likelihood: -138800617488384.0, sparsity: 47.77363204956055, mG: 25.0, total score: -138800617488384.0
--- B_distance: 12.893172264099121
tensor([[-1.6425,  0.7783,  0.6789, -3.7129,  2.8553],
        [-1.8349,  1.5935,  0.7591, -4.2806,  3.9593],
        [ 0.3382, -0.2532, -0.0259, -1.3583, -0.2974],
        [-2.9188,  1.0920,  0.4195, -3.1057,  2.4200],
        [ 3.6620, -0.7485, -0.8931,  4.7658, -3.3799]], device='cuda:0',
       grad_fn=<CloneBackward0>) 
 tensor([[ 0.0000, -1.5284,  0.0000,  0.0000,  0.0000],
        [ 0.0000,  0.0000,  1.8913,  0.0000,  0.0000],
        [ 0.0000,  0.0000,  0.0000,  0.0000,  0.0000],
        [ 0.0000,  0.0000,  0.0000,  0.0000, -1.3940],
        [-1.1278,  0.0000,  0.0000,  0.0000,  0.0000]], device='cuda:0')
--- likelihood: -138800617488384.0, sparsity: 47.77363204956055, mG: 25.0, total score: -138800617488384.0
--- B_distance: 12.893172264099121
tensor([[-1.6425,  0.7783,  0.6789, -3.7129,  2.8553],
        [-1.8349,  1.5935,  0.7591, -4.2806,  3.9593],
        [ 0.3382, -0.2532, -0.0259, -1.3583, -0.2974],
        [-2.9188,  1.0920,  0.4195, -3.1057,  2.4200],
        [ 3.6620, -0.7485, -0.8931,  4.7658, -3.3799]], device='cuda:0',
       grad_fn=<CloneBackward0>) 
 tensor([[ 0.0000, -1.5284,  0.0000,  0.0000,  0.0000],
        [ 0.0000,  0.0000,  1.8913,  0.0000,  0.0000],
        [ 0.0000,  0.0000,  0.0000,  0.0000,  0.0000],
        [ 0.0000,  0.0000,  0.0000,  0.0000, -1.3940],
        [-1.1278,  0.0000,  0.0000,  0.0000,  0.0000]], device='cuda:0')
--- likelihood: -138800617488384.0, sparsity: 47.77363204956055, mG: 25.0, total score: -138800617488384.0
--- B_distance: 12.893172264099121
tensor([[-1.6425,  0.7783,  0.6789, -3.7129,  2.8553],
        [-1.8349,  1.5935,  0.7591, -4.2806,  3.9593],
        [ 0.3382, -0.2532, -0.0259, -1.3583, -0.2974],
        [-2.9188,  1.0920,  0.4195, -3.1057,  2.4200],
        [ 3.6620, -0.7485, -0.8931,  4.7658, -3.3799]], device='cuda:0',
       grad_fn=<CloneBackward0>) 
 tensor([[ 0.0000, -1.5284,  0.0000,  0.0000,  0.0000],
        [ 0.0000,  0.0000,  1.8913,  0.0000,  0.0000],
        [ 0.0000,  0.0000,  0.0000,  0.0000,  0.0000],
        [ 0.0000,  0.0000,  0.0000,  0.0000, -1.3940],
        [-1.1278,  0.0000,  0.0000,  0.0000,  0.0000]], device='cuda:0')
--- likelihood: -138800617488384.0, sparsity: 47.77363204956055, mG: 25.0, total score: -138800617488384.0
--- B_distance: 12.893172264099121
tensor([[-1.6425,  0.7783,  0.6789, -3.7129,  2.8553],
        [-1.8349,  1.5935,  0.7591, -4.2806,  3.9593],
        [ 0.3382, -0.2532, -0.0259, -1.3583, -0.2974],
        [-2.9188,  1.0920,  0.4195, -3.1057,  2.4200],
        [ 3.6620, -0.7485, -0.8931,  4.7658, -3.3799]], device='cuda:0',
       grad_fn=<CloneBackward0>) 
 tensor([[ 0.0000, -1.5284,  0.0000,  0.0000,  0.0000],
        [ 0.0000,  0.0000,  1.8913,  0.0000,  0.0000],
        [ 0.0000,  0.0000,  0.0000,  0.0000,  0.0000],
        [ 0.0000,  0.0000,  0.0000,  0.0000, -1.3940],
        [-1.1278,  0.0000,  0.0000,  0.0000,  0.0000]], device='cuda:0')
--- likelihood: -138800617488384.0, sparsity: 47.77363204956055, mG: 25.0, total score: -138800617488384.0
--- B_distance: 12.893172264099121
tensor([[-1.6425,  0.7783,  0.6789, -3.7129,  2.8553],
        [-1.8349,  1.5935,  0.7591, -4.2806,  3.9593],
        [ 0.3382, -0.2532, -0.0259, -1.3583, -0.2974],
        [-2.9188,  1.0920,  0.4195, -3.1057,  2.4200],
        [ 3.6620, -0.7485, -0.8931,  4.7658, -3.3799]], device='cuda:0',
       grad_fn=<CloneBackward0>) 
 tensor([[ 0.0000, -1.5284,  0.0000,  0.0000,  0.0000],
        [ 0.0000,  0.0000,  1.8913,  0.0000,  0.0000],
        [ 0.0000,  0.0000,  0.0000,  0.0000,  0.0000],
        [ 0.0000,  0.0000,  0.0000,  0.0000, -1.3940],
        [-1.1278,  0.0000,  0.0000,  0.0000,  0.0000]], device='cuda:0')
--- likelihood: -138800617488384.0, sparsity: 47.77363204956055, mG: 25.0, total score: -138800617488384.0
--- B_distance: 12.893172264099121
tensor([[-1.6425,  0.7783,  0.6789, -3.7129,  2.8553],
        [-1.8349,  1.5935,  0.7591, -4.2806,  3.9593],
        [ 0.3382, -0.2532, -0.0259, -1.3583, -0.2974],
        [-2.9188,  1.0920,  0.4195, -3.1057,  2.4200],
        [ 3.6620, -0.7485, -0.8931,  4.7658, -3.3799]], device='cuda:0',
       grad_fn=<CloneBackward0>) 
 tensor([[ 0.0000, -1.5284,  0.0000,  0.0000,  0.0000],
        [ 0.0000,  0.0000,  1.8913,  0.0000,  0.0000],
        [ 0.0000,  0.0000,  0.0000,  0.0000,  0.0000],
        [ 0.0000,  0.0000,  0.0000,  0.0000, -1.3940],
        [-1.1278,  0.0000,  0.0000,  0.0000,  0.0000]], device='cuda:0')
--- likelihood: -138800617488384.0, sparsity: 47.77363204956055, mG: 25.0, total score: -138800617488384.0
--- B_distance: 12.893172264099121
tensor([[-1.6425,  0.7783,  0.6789, -3.7129,  2.8553],
        [-1.8349,  1.5935,  0.7591, -4.2806,  3.9593],
        [ 0.3382, -0.2532, -0.0259, -1.3583, -0.2974],
        [-2.9188,  1.0920,  0.4195, -3.1057,  2.4200],
        [ 3.6620, -0.7485, -0.8931,  4.7658, -3.3799]], device='cuda:0',
       grad_fn=<CloneBackward0>) 
 tensor([[ 0.0000, -1.5284,  0.0000,  0.0000,  0.0000],
        [ 0.0000,  0.0000,  1.8913,  0.0000,  0.0000],
        [ 0.0000,  0.0000,  0.0000,  0.0000,  0.0000],
        [ 0.0000,  0.0000,  0.0000,  0.0000, -1.3940],
        [-1.1278,  0.0000,  0.0000,  0.0000,  0.0000]], device='cuda:0')
--- likelihood: -138800617488384.0, sparsity: 47.77363204956055, mG: 25.0, total score: -138800617488384.0
--- B_distance: 12.893172264099121
tensor([[-1.6425,  0.7783,  0.6789, -3.7129,  2.8553],
        [-1.8349,  1.5935,  0.7591, -4.2806,  3.9593],
        [ 0.3382, -0.2532, -0.0259, -1.3583, -0.2974],
        [-2.9188,  1.0920,  0.4195, -3.1057,  2.4200],
        [ 3.6620, -0.7485, -0.8931,  4.7658, -3.3799]], device='cuda:0',
       grad_fn=<CloneBackward0>) 
 tensor([[ 0.0000, -1.5284,  0.0000,  0.0000,  0.0000],
        [ 0.0000,  0.0000,  1.8913,  0.0000,  0.0000],
        [ 0.0000,  0.0000,  0.0000,  0.0000,  0.0000],
        [ 0.0000,  0.0000,  0.0000,  0.0000, -1.3940],
        [-1.1278,  0.0000,  0.0000,  0.0000,  0.0000]], device='cuda:0')
--- likelihood: -138800617488384.0, sparsity: 47.77363204956055, mG: 25.0, total score: -138800617488384.0
--- B_distance: 12.893172264099121
tensor([[-1.6425,  0.7783,  0.6789, -3.7129,  2.8553],
        [-1.8349,  1.5935,  0.7591, -4.2806,  3.9593],
        [ 0.3382, -0.2532, -0.0259, -1.3583, -0.2974],
        [-2.9188,  1.0920,  0.4195, -3.1057,  2.4200],
        [ 3.6620, -0.7485, -0.8931,  4.7658, -3.3799]], device='cuda:0',
       grad_fn=<CloneBackward0>) 
 tensor([[ 0.0000, -1.5284,  0.0000,  0.0000,  0.0000],
        [ 0.0000,  0.0000,  1.8913,  0.0000,  0.0000],
        [ 0.0000,  0.0000,  0.0000,  0.0000,  0.0000],
        [ 0.0000,  0.0000,  0.0000,  0.0000, -1.3940],
        [-1.1278,  0.0000,  0.0000,  0.0000,  0.0000]], device='cuda:0')
--- likelihood: -138800617488384.0, sparsity: 47.77363204956055, mG: 25.0, total score: -138800617488384.0
--- B_distance: 12.893172264099121
tensor([[-1.6425,  0.7783,  0.6789, -3.7129,  2.8553],
        [-1.8349,  1.5935,  0.7591, -4.2806,  3.9593],
        [ 0.3382, -0.2532, -0.0259, -1.3583, -0.2974],
        [-2.9188,  1.0920,  0.4195, -3.1057,  2.4200],
        [ 3.6620, -0.7485, -0.8931,  4.7658, -3.3799]], device='cuda:0',
       grad_fn=<CloneBackward0>) 
 tensor([[ 0.0000, -1.5284,  0.0000,  0.0000,  0.0000],
        [ 0.0000,  0.0000,  1.8913,  0.0000,  0.0000],
        [ 0.0000,  0.0000,  0.0000,  0.0000,  0.0000],
        [ 0.0000,  0.0000,  0.0000,  0.0000, -1.3940],
        [-1.1278,  0.0000,  0.0000,  0.0000,  0.0000]], device='cuda:0')
--- likelihood: -138800617488384.0, sparsity: 47.77363204956055, mG: 25.0, total score: -138800617488384.0
--- B_distance: 12.893172264099121
tensor([[-1.6425,  0.7783,  0.6789, -3.7129,  2.8553],
        [-1.8349,  1.5935,  0.7591, -4.2806,  3.9593],
        [ 0.3382, -0.2532, -0.0259, -1.3583, -0.2974],
        [-2.9188,  1.0920,  0.4195, -3.1057,  2.4200],
        [ 3.6620, -0.7485, -0.8931,  4.7658, -3.3799]], device='cuda:0',
       grad_fn=<CloneBackward0>) 
 tensor([[ 0.0000, -1.5284,  0.0000,  0.0000,  0.0000],
        [ 0.0000,  0.0000,  1.8913,  0.0000,  0.0000],
        [ 0.0000,  0.0000,  0.0000,  0.0000,  0.0000],
        [ 0.0000,  0.0000,  0.0000,  0.0000, -1.3940],
        [-1.1278,  0.0000,  0.0000,  0.0000,  0.0000]], device='cuda:0')
--- likelihood: -138800617488384.0, sparsity: 47.77363204956055, mG: 25.0, total score: -138800617488384.0
--- B_distance: 12.893172264099121
tensor([[-1.6425,  0.7783,  0.6789, -3.7129,  2.8553],
        [-1.8349,  1.5935,  0.7591, -4.2806,  3.9593],
        [ 0.3382, -0.2532, -0.0259, -1.3583, -0.2974],
        [-2.9188,  1.0920,  0.4195, -3.1057,  2.4200],
        [ 3.6620, -0.7485, -0.8931,  4.7658, -3.3799]], device='cuda:0',
       grad_fn=<CloneBackward0>) 
 tensor([[ 0.0000, -1.5284,  0.0000,  0.0000,  0.0000],
        [ 0.0000,  0.0000,  1.8913,  0.0000,  0.0000],
        [ 0.0000,  0.0000,  0.0000,  0.0000,  0.0000],
        [ 0.0000,  0.0000,  0.0000,  0.0000, -1.3940],
        [-1.1278,  0.0000,  0.0000,  0.0000,  0.0000]], device='cuda:0')
--- likelihood: -138800617488384.0, sparsity: 47.77363204956055, mG: 25.0, total score: -138800617488384.0
--- B_distance: 12.893172264099121
tensor([[-1.6425,  0.7783,  0.6789, -3.7129,  2.8553],
        [-1.8349,  1.5935,  0.7591, -4.2806,  3.9593],
        [ 0.3382, -0.2532, -0.0259, -1.3583, -0.2974],
        [-2.9188,  1.0920,  0.4195, -3.1057,  2.4200],
        [ 3.6620, -0.7485, -0.8931,  4.7658, -3.3799]], device='cuda:0',
       grad_fn=<CloneBackward0>) 
 tensor([[ 0.0000, -1.5284,  0.0000,  0.0000,  0.0000],
        [ 0.0000,  0.0000,  1.8913,  0.0000,  0.0000],
        [ 0.0000,  0.0000,  0.0000,  0.0000,  0.0000],
        [ 0.0000,  0.0000,  0.0000,  0.0000, -1.3940],
        [-1.1278,  0.0000,  0.0000,  0.0000,  0.0000]], device='cuda:0')
--- likelihood: -138800617488384.0, sparsity: 47.77363204956055, mG: 25.0, total score: -138800617488384.0
--- B_distance: 12.893172264099121
tensor([[-1.6425,  0.7783,  0.6789, -3.7129,  2.8553],
        [-1.8349,  1.5935,  0.7591, -4.2806,  3.9593],
        [ 0.3382, -0.2532, -0.0259, -1.3583, -0.2974],
        [-2.9188,  1.0920,  0.4195, -3.1057,  2.4200],
        [ 3.6620, -0.7485, -0.8931,  4.7658, -3.3799]], device='cuda:0',
       grad_fn=<CloneBackward0>) 
 tensor([[ 0.0000, -1.5284,  0.0000,  0.0000,  0.0000],
        [ 0.0000,  0.0000,  1.8913,  0.0000,  0.0000],
        [ 0.0000,  0.0000,  0.0000,  0.0000,  0.0000],
        [ 0.0000,  0.0000,  0.0000,  0.0000, -1.3940],
        [-1.1278,  0.0000,  0.0000,  0.0000,  0.0000]], device='cuda:0')
--- likelihood: -138800617488384.0, sparsity: 47.77363204956055, mG: 25.0, total score: -138800617488384.0
--- B_distance: 12.893172264099121
tensor([[-1.6425,  0.7783,  0.6789, -3.7129,  2.8553],
        [-1.8349,  1.5935,  0.7591, -4.2806,  3.9593],
        [ 0.3382, -0.2532, -0.0259, -1.3583, -0.2974],
        [-2.9188,  1.0920,  0.4195, -3.1057,  2.4200],
        [ 3.6620, -0.7485, -0.8931,  4.7658, -3.3799]], device='cuda:0',
       grad_fn=<CloneBackward0>) 
 tensor([[ 0.0000, -1.5284,  0.0000,  0.0000,  0.0000],
        [ 0.0000,  0.0000,  1.8913,  0.0000,  0.0000],
        [ 0.0000,  0.0000,  0.0000,  0.0000,  0.0000],
        [ 0.0000,  0.0000,  0.0000,  0.0000, -1.3940],
        [-1.1278,  0.0000,  0.0000,  0.0000,  0.0000]], device='cuda:0')
--- likelihood: -138800617488384.0, sparsity: 47.77363204956055, mG: 25.0, total score: -138800617488384.0
--- B_distance: 12.893172264099121
tensor([[-1.6425,  0.7783,  0.6789, -3.7129,  2.8553],
        [-1.8349,  1.5935,  0.7591, -4.2806,  3.9593],
        [ 0.3382, -0.2532, -0.0259, -1.3583, -0.2974],
        [-2.9188,  1.0920,  0.4195, -3.1057,  2.4200],
        [ 3.6620, -0.7485, -0.8931,  4.7658, -3.3799]], device='cuda:0',
       grad_fn=<CloneBackward0>) 
 tensor([[ 0.0000, -1.5284,  0.0000,  0.0000,  0.0000],
        [ 0.0000,  0.0000,  1.8913,  0.0000,  0.0000],
        [ 0.0000,  0.0000,  0.0000,  0.0000,  0.0000],
        [ 0.0000,  0.0000,  0.0000,  0.0000, -1.3940],
        [-1.1278,  0.0000,  0.0000,  0.0000,  0.0000]], device='cuda:0')
--- likelihood: -138800617488384.0, sparsity: 47.77363204956055, mG: 25.0, total score: -138800617488384.0
--- B_distance: 12.893172264099121
tensor([[-1.6425,  0.7783,  0.6789, -3.7129,  2.8553],
        [-1.8349,  1.5935,  0.7591, -4.2806,  3.9593],
        [ 0.3382, -0.2532, -0.0259, -1.3583, -0.2974],
        [-2.9188,  1.0920,  0.4195, -3.1057,  2.4200],
        [ 3.6620, -0.7485, -0.8931,  4.7658, -3.3799]], device='cuda:0',
       grad_fn=<CloneBackward0>) 
 tensor([[ 0.0000, -1.5284,  0.0000,  0.0000,  0.0000],
        [ 0.0000,  0.0000,  1.8913,  0.0000,  0.0000],
        [ 0.0000,  0.0000,  0.0000,  0.0000,  0.0000],
        [ 0.0000,  0.0000,  0.0000,  0.0000, -1.3940],
        [-1.1278,  0.0000,  0.0000,  0.0000,  0.0000]], device='cuda:0')
--- likelihood: -138800617488384.0, sparsity: 47.77363204956055, mG: 25.0, total score: -138800617488384.0
--- B_distance: 12.893172264099121
tensor([[-1.6425,  0.7783,  0.6789, -3.7129,  2.8553],
        [-1.8349,  1.5935,  0.7591, -4.2806,  3.9593],
        [ 0.3382, -0.2532, -0.0259, -1.3583, -0.2974],
        [-2.9188,  1.0920,  0.4195, -3.1057,  2.4200],
        [ 3.6620, -0.7485, -0.8931,  4.7658, -3.3799]], device='cuda:0',
       grad_fn=<CloneBackward0>) 
 tensor([[ 0.0000, -1.5284,  0.0000,  0.0000,  0.0000],
        [ 0.0000,  0.0000,  1.8913,  0.0000,  0.0000],
        [ 0.0000,  0.0000,  0.0000,  0.0000,  0.0000],
        [ 0.0000,  0.0000,  0.0000,  0.0000, -1.3940],
        [-1.1278,  0.0000,  0.0000,  0.0000,  0.0000]], device='cuda:0')
--- likelihood: -138800617488384.0, sparsity: 47.77363204956055, mG: 25.0, total score: -138800617488384.0
--- B_distance: 12.893172264099121
tensor([[-1.6425,  0.7783,  0.6789, -3.7129,  2.8553],
        [-1.8349,  1.5935,  0.7591, -4.2806,  3.9593],
        [ 0.3382, -0.2532, -0.0259, -1.3583, -0.2974],
        [-2.9188,  1.0920,  0.4195, -3.1057,  2.4200],
        [ 3.6620, -0.7485, -0.8931,  4.7658, -3.3799]], device='cuda:0',
       grad_fn=<CloneBackward0>) 
 tensor([[ 0.0000, -1.5284,  0.0000,  0.0000,  0.0000],
        [ 0.0000,  0.0000,  1.8913,  0.0000,  0.0000],
        [ 0.0000,  0.0000,  0.0000,  0.0000,  0.0000],
        [ 0.0000,  0.0000,  0.0000,  0.0000, -1.3940],
        [-1.1278,  0.0000,  0.0000,  0.0000,  0.0000]], device='cuda:0')
--- likelihood: -138800617488384.0, sparsity: 47.77363204956055, mG: 25.0, total score: -138800617488384.0
--- B_distance: 12.893172264099121
tensor([[-1.6425,  0.7783,  0.6789, -3.7129,  2.8553],
        [-1.8349,  1.5935,  0.7591, -4.2806,  3.9593],
        [ 0.3382, -0.2532, -0.0259, -1.3583, -0.2974],
        [-2.9188,  1.0920,  0.4195, -3.1057,  2.4200],
        [ 3.6620, -0.7485, -0.8931,  4.7658, -3.3799]], device='cuda:0',
       grad_fn=<CloneBackward0>) 
 tensor([[ 0.0000, -1.5284,  0.0000,  0.0000,  0.0000],
        [ 0.0000,  0.0000,  1.8913,  0.0000,  0.0000],
        [ 0.0000,  0.0000,  0.0000,  0.0000,  0.0000],
        [ 0.0000,  0.0000,  0.0000,  0.0000, -1.3940],
        [-1.1278,  0.0000,  0.0000,  0.0000,  0.0000]], device='cuda:0')
--- likelihood: -138800617488384.0, sparsity: 47.77363204956055, mG: 25.0, total score: -138800617488384.0
--- B_distance: 12.893172264099121
tensor([[-1.6425,  0.7783,  0.6789, -3.7129,  2.8553],
        [-1.8349,  1.5935,  0.7591, -4.2806,  3.9593],
        [ 0.3382, -0.2532, -0.0259, -1.3583, -0.2974],
        [-2.9188,  1.0920,  0.4195, -3.1057,  2.4200],
        [ 3.6620, -0.7485, -0.8931,  4.7658, -3.3799]], device='cuda:0',
       grad_fn=<CloneBackward0>) 
 tensor([[ 0.0000, -1.5284,  0.0000,  0.0000,  0.0000],
        [ 0.0000,  0.0000,  1.8913,  0.0000,  0.0000],
        [ 0.0000,  0.0000,  0.0000,  0.0000,  0.0000],
        [ 0.0000,  0.0000,  0.0000,  0.0000, -1.3940],
        [-1.1278,  0.0000,  0.0000,  0.0000,  0.0000]], device='cuda:0')
--- likelihood: -138800617488384.0, sparsity: 47.77363204956055, mG: 25.0, total score: -138800617488384.0
--- B_distance: 12.893172264099121
tensor([[-1.6425,  0.7783,  0.6789, -3.7129,  2.8553],
        [-1.8349,  1.5935,  0.7591, -4.2806,  3.9593],
        [ 0.3382, -0.2532, -0.0259, -1.3583, -0.2974],
        [-2.9188,  1.0920,  0.4195, -3.1057,  2.4200],
        [ 3.6620, -0.7485, -0.8931,  4.7658, -3.3799]], device='cuda:0',
       grad_fn=<CloneBackward0>) 
 tensor([[ 0.0000, -1.5284,  0.0000,  0.0000,  0.0000],
        [ 0.0000,  0.0000,  1.8913,  0.0000,  0.0000],
        [ 0.0000,  0.0000,  0.0000,  0.0000,  0.0000],
        [ 0.0000,  0.0000,  0.0000,  0.0000, -1.3940],
        [-1.1278,  0.0000,  0.0000,  0.0000,  0.0000]], device='cuda:0')
--- likelihood: -138800617488384.0, sparsity: 47.77363204956055, mG: 25.0, total score: -138800617488384.0
--- B_distance: 12.893172264099121
tensor([[-1.6425,  0.7783,  0.6789, -3.7129,  2.8553],
        [-1.8349,  1.5935,  0.7591, -4.2806,  3.9593],
        [ 0.3382, -0.2532, -0.0259, -1.3583, -0.2974],
        [-2.9188,  1.0920,  0.4195, -3.1057,  2.4200],
        [ 3.6620, -0.7485, -0.8931,  4.7658, -3.3799]], device='cuda:0',
       grad_fn=<CloneBackward0>) 
 tensor([[ 0.0000, -1.5284,  0.0000,  0.0000,  0.0000],
        [ 0.0000,  0.0000,  1.8913,  0.0000,  0.0000],
        [ 0.0000,  0.0000,  0.0000,  0.0000,  0.0000],
        [ 0.0000,  0.0000,  0.0000,  0.0000, -1.3940],
        [-1.1278,  0.0000,  0.0000,  0.0000,  0.0000]], device='cuda:0')
--- likelihood: -138800617488384.0, sparsity: 47.77363204956055, mG: 25.0, total score: -138800617488384.0
--- B_distance: 12.893172264099121
tensor([[-1.6425,  0.7783,  0.6789, -3.7129,  2.8553],
        [-1.8349,  1.5935,  0.7591, -4.2806,  3.9593],
        [ 0.3382, -0.2532, -0.0259, -1.3583, -0.2974],
        [-2.9188,  1.0920,  0.4195, -3.1057,  2.4200],
        [ 3.6620, -0.7485, -0.8931,  4.7658, -3.3799]], device='cuda:0',
       grad_fn=<CloneBackward0>) 
 tensor([[ 0.0000, -1.5284,  0.0000,  0.0000,  0.0000],
        [ 0.0000,  0.0000,  1.8913,  0.0000,  0.0000],
        [ 0.0000,  0.0000,  0.0000,  0.0000,  0.0000],
        [ 0.0000,  0.0000,  0.0000,  0.0000, -1.3940],
        [-1.1278,  0.0000,  0.0000,  0.0000,  0.0000]], device='cuda:0')
--- likelihood: -138800617488384.0, sparsity: 47.77363204956055, mG: 25.0, total score: -138800617488384.0
--- B_distance: 12.893172264099121
tensor([[-1.6425,  0.7783,  0.6789, -3.7129,  2.8553],
        [-1.8349,  1.5935,  0.7591, -4.2806,  3.9593],
        [ 0.3382, -0.2532, -0.0259, -1.3583, -0.2974],
        [-2.9188,  1.0920,  0.4195, -3.1057,  2.4200],
        [ 3.6620, -0.7485, -0.8931,  4.7658, -3.3799]], device='cuda:0',
       grad_fn=<CloneBackward0>) 
 tensor([[ 0.0000, -1.5284,  0.0000,  0.0000,  0.0000],
        [ 0.0000,  0.0000,  1.8913,  0.0000,  0.0000],
        [ 0.0000,  0.0000,  0.0000,  0.0000,  0.0000],
        [ 0.0000,  0.0000,  0.0000,  0.0000, -1.3940],
        [-1.1278,  0.0000,  0.0000,  0.0000,  0.0000]], device='cuda:0')
--- likelihood: -138800617488384.0, sparsity: 47.77363204956055, mG: 25.0, total score: -138800617488384.0
--- B_distance: 12.893172264099121
tensor([[-1.6425,  0.7783,  0.6789, -3.7129,  2.8553],
        [-1.8349,  1.5935,  0.7591, -4.2806,  3.9593],
        [ 0.3382, -0.2532, -0.0259, -1.3583, -0.2974],
        [-2.9188,  1.0920,  0.4195, -3.1057,  2.4200],
        [ 3.6620, -0.7485, -0.8931,  4.7658, -3.3799]], device='cuda:0',
       grad_fn=<CloneBackward0>) 
 tensor([[ 0.0000, -1.5284,  0.0000,  0.0000,  0.0000],
        [ 0.0000,  0.0000,  1.8913,  0.0000,  0.0000],
        [ 0.0000,  0.0000,  0.0000,  0.0000,  0.0000],
        [ 0.0000,  0.0000,  0.0000,  0.0000, -1.3940],
        [-1.1278,  0.0000,  0.0000,  0.0000,  0.0000]], device='cuda:0')
--- likelihood: -138800617488384.0, sparsity: 47.77363204956055, mG: 25.0, total score: -138800617488384.0
--- B_distance: 12.893172264099121
tensor([[-1.6425,  0.7783,  0.6789, -3.7129,  2.8553],
        [-1.8349,  1.5935,  0.7591, -4.2806,  3.9593],
        [ 0.3382, -0.2532, -0.0259, -1.3583, -0.2974],
        [-2.9188,  1.0920,  0.4195, -3.1057,  2.4200],
        [ 3.6620, -0.7485, -0.8931,  4.7658, -3.3799]], device='cuda:0',
       grad_fn=<CloneBackward0>) 
 tensor([[ 0.0000, -1.5284,  0.0000,  0.0000,  0.0000],
        [ 0.0000,  0.0000,  1.8913,  0.0000,  0.0000],
        [ 0.0000,  0.0000,  0.0000,  0.0000,  0.0000],
        [ 0.0000,  0.0000,  0.0000,  0.0000, -1.3940],
        [-1.1278,  0.0000,  0.0000,  0.0000,  0.0000]], device='cuda:0')
--- likelihood: -138800617488384.0, sparsity: 47.77363204956055, mG: 25.0, total score: -138800617488384.0
--- B_distance: 12.893172264099121
tensor([[-1.6425,  0.7783,  0.6789, -3.7129,  2.8553],
        [-1.8349,  1.5935,  0.7591, -4.2806,  3.9593],
        [ 0.3382, -0.2532, -0.0259, -1.3583, -0.2974],
        [-2.9188,  1.0920,  0.4195, -3.1057,  2.4200],
        [ 3.6620, -0.7485, -0.8931,  4.7658, -3.3799]], device='cuda:0',
       grad_fn=<CloneBackward0>) 
 tensor([[ 0.0000, -1.5284,  0.0000,  0.0000,  0.0000],
        [ 0.0000,  0.0000,  1.8913,  0.0000,  0.0000],
        [ 0.0000,  0.0000,  0.0000,  0.0000,  0.0000],
        [ 0.0000,  0.0000,  0.0000,  0.0000, -1.3940],
        [-1.1278,  0.0000,  0.0000,  0.0000,  0.0000]], device='cuda:0')
--- likelihood: -138800617488384.0, sparsity: 47.77363204956055, mG: 25.0, total score: -138800617488384.0
--- B_distance: 12.893172264099121
tensor([[-1.6425,  0.7783,  0.6789, -3.7129,  2.8553],
        [-1.8349,  1.5935,  0.7591, -4.2806,  3.9593],
        [ 0.3382, -0.2532, -0.0259, -1.3583, -0.2974],
        [-2.9188,  1.0920,  0.4195, -3.1057,  2.4200],
        [ 3.6620, -0.7485, -0.8931,  4.7658, -3.3799]], device='cuda:0',
       grad_fn=<CloneBackward0>) 
 tensor([[ 0.0000, -1.5284,  0.0000,  0.0000,  0.0000],
        [ 0.0000,  0.0000,  1.8913,  0.0000,  0.0000],
        [ 0.0000,  0.0000,  0.0000,  0.0000,  0.0000],
        [ 0.0000,  0.0000,  0.0000,  0.0000, -1.3940],
        [-1.1278,  0.0000,  0.0000,  0.0000,  0.0000]], device='cuda:0')
--- likelihood: -138800617488384.0, sparsity: 47.77363204956055, mG: 25.0, total score: -138800617488384.0
--- B_distance: 12.893172264099121
tensor([[-1.6425,  0.7783,  0.6789, -3.7129,  2.8553],
        [-1.8349,  1.5935,  0.7591, -4.2806,  3.9593],
        [ 0.3382, -0.2532, -0.0259, -1.3583, -0.2974],
        [-2.9188,  1.0920,  0.4195, -3.1057,  2.4200],
        [ 3.6620, -0.7485, -0.8931,  4.7658, -3.3799]], device='cuda:0',
       grad_fn=<CloneBackward0>) 
 tensor([[ 0.0000, -1.5284,  0.0000,  0.0000,  0.0000],
        [ 0.0000,  0.0000,  1.8913,  0.0000,  0.0000],
        [ 0.0000,  0.0000,  0.0000,  0.0000,  0.0000],
        [ 0.0000,  0.0000,  0.0000,  0.0000, -1.3940],
        [-1.1278,  0.0000,  0.0000,  0.0000,  0.0000]], device='cuda:0')
--- likelihood: -138800617488384.0, sparsity: 47.77363204956055, mG: 25.0, total score: -138800617488384.0
--- B_distance: 12.893172264099121
tensor([[-1.6425,  0.7783,  0.6789, -3.7129,  2.8553],
        [-1.8349,  1.5935,  0.7591, -4.2806,  3.9593],
        [ 0.3382, -0.2532, -0.0259, -1.3583, -0.2974],
        [-2.9188,  1.0920,  0.4195, -3.1057,  2.4200],
        [ 3.6620, -0.7485, -0.8931,  4.7658, -3.3799]], device='cuda:0',
       grad_fn=<CloneBackward0>) 
 tensor([[ 0.0000, -1.5284,  0.0000,  0.0000,  0.0000],
        [ 0.0000,  0.0000,  1.8913,  0.0000,  0.0000],
        [ 0.0000,  0.0000,  0.0000,  0.0000,  0.0000],
        [ 0.0000,  0.0000,  0.0000,  0.0000, -1.3940],
        [-1.1278,  0.0000,  0.0000,  0.0000,  0.0000]], device='cuda:0')
--- likelihood: -138800617488384.0, sparsity: 47.77363204956055, mG: 25.0, total score: -138800617488384.0
--- B_distance: 12.893172264099121
tensor([[-1.6425,  0.7783,  0.6789, -3.7129,  2.8553],
        [-1.8349,  1.5935,  0.7591, -4.2806,  3.9593],
        [ 0.3382, -0.2532, -0.0259, -1.3583, -0.2974],
        [-2.9188,  1.0920,  0.4195, -3.1057,  2.4200],
        [ 3.6620, -0.7485, -0.8931,  4.7658, -3.3799]], device='cuda:0',
       grad_fn=<CloneBackward0>) 
 tensor([[ 0.0000, -1.5284,  0.0000,  0.0000,  0.0000],
        [ 0.0000,  0.0000,  1.8913,  0.0000,  0.0000],
        [ 0.0000,  0.0000,  0.0000,  0.0000,  0.0000],
        [ 0.0000,  0.0000,  0.0000,  0.0000, -1.3940],
        [-1.1278,  0.0000,  0.0000,  0.0000,  0.0000]], device='cuda:0')
--- likelihood: -138800617488384.0, sparsity: 47.77363204956055, mG: 25.0, total score: -138800617488384.0
--- B_distance: 12.893172264099121
tensor([[-1.6425,  0.7783,  0.6789, -3.7129,  2.8553],
        [-1.8349,  1.5935,  0.7591, -4.2806,  3.9593],
        [ 0.3382, -0.2532, -0.0259, -1.3583, -0.2974],
        [-2.9188,  1.0920,  0.4195, -3.1057,  2.4200],
        [ 3.6620, -0.7485, -0.8931,  4.7658, -3.3799]], device='cuda:0',
       grad_fn=<CloneBackward0>) 
 tensor([[ 0.0000, -1.5284,  0.0000,  0.0000,  0.0000],
        [ 0.0000,  0.0000,  1.8913,  0.0000,  0.0000],
        [ 0.0000,  0.0000,  0.0000,  0.0000,  0.0000],
        [ 0.0000,  0.0000,  0.0000,  0.0000, -1.3940],
        [-1.1278,  0.0000,  0.0000,  0.0000,  0.0000]], device='cuda:0')
--- likelihood: -138800617488384.0, sparsity: 47.77363204956055, mG: 25.0, total score: -138800617488384.0
--- B_distance: 12.893172264099121
tensor([[-1.6425,  0.7783,  0.6789, -3.7129,  2.8553],
        [-1.8349,  1.5935,  0.7591, -4.2806,  3.9593],
        [ 0.3382, -0.2532, -0.0259, -1.3583, -0.2974],
        [-2.9188,  1.0920,  0.4195, -3.1057,  2.4200],
        [ 3.6620, -0.7485, -0.8931,  4.7658, -3.3799]], device='cuda:0',
       grad_fn=<CloneBackward0>) 
 tensor([[ 0.0000, -1.5284,  0.0000,  0.0000,  0.0000],
        [ 0.0000,  0.0000,  1.8913,  0.0000,  0.0000],
        [ 0.0000,  0.0000,  0.0000,  0.0000,  0.0000],
        [ 0.0000,  0.0000,  0.0000,  0.0000, -1.3940],
        [-1.1278,  0.0000,  0.0000,  0.0000,  0.0000]], device='cuda:0')
--- likelihood: -138800617488384.0, sparsity: 47.77363204956055, mG: 25.0, total score: -138800617488384.0
--- B_distance: 12.893172264099121
tensor([[-1.6425,  0.7783,  0.6789, -3.7129,  2.8553],
        [-1.8349,  1.5935,  0.7591, -4.2806,  3.9593],
        [ 0.3382, -0.2532, -0.0259, -1.3583, -0.2974],
        [-2.9188,  1.0920,  0.4195, -3.1057,  2.4200],
        [ 3.6620, -0.7485, -0.8931,  4.7658, -3.3799]], device='cuda:0',
       grad_fn=<CloneBackward0>) 
 tensor([[ 0.0000, -1.5284,  0.0000,  0.0000,  0.0000],
        [ 0.0000,  0.0000,  1.8913,  0.0000,  0.0000],
        [ 0.0000,  0.0000,  0.0000,  0.0000,  0.0000],
        [ 0.0000,  0.0000,  0.0000,  0.0000, -1.3940],
        [-1.1278,  0.0000,  0.0000,  0.0000,  0.0000]], device='cuda:0')
--- likelihood: -138800617488384.0, sparsity: 47.77363204956055, mG: 25.0, total score: -138800617488384.0
--- B_distance: 12.893172264099121
tensor([[-1.6425,  0.7783,  0.6789, -3.7129,  2.8553],
        [-1.8349,  1.5935,  0.7591, -4.2806,  3.9593],
        [ 0.3382, -0.2532, -0.0259, -1.3583, -0.2974],
        [-2.9188,  1.0920,  0.4195, -3.1057,  2.4200],
        [ 3.6620, -0.7485, -0.8931,  4.7658, -3.3799]], device='cuda:0',
       grad_fn=<CloneBackward0>) 
 tensor([[ 0.0000, -1.5284,  0.0000,  0.0000,  0.0000],
        [ 0.0000,  0.0000,  1.8913,  0.0000,  0.0000],
        [ 0.0000,  0.0000,  0.0000,  0.0000,  0.0000],
        [ 0.0000,  0.0000,  0.0000,  0.0000, -1.3940],
        [-1.1278,  0.0000,  0.0000,  0.0000,  0.0000]], device='cuda:0')
--- likelihood: -138800617488384.0, sparsity: 47.77363204956055, mG: 25.0, total score: -138800617488384.0
--- B_distance: 12.893172264099121
tensor([[-1.6425,  0.7783,  0.6789, -3.7129,  2.8553],
        [-1.8349,  1.5935,  0.7591, -4.2806,  3.9593],
        [ 0.3382, -0.2532, -0.0259, -1.3583, -0.2974],
        [-2.9188,  1.0920,  0.4195, -3.1057,  2.4200],
        [ 3.6620, -0.7485, -0.8931,  4.7658, -3.3799]], device='cuda:0',
       grad_fn=<CloneBackward0>) 
 tensor([[ 0.0000, -1.5284,  0.0000,  0.0000,  0.0000],
        [ 0.0000,  0.0000,  1.8913,  0.0000,  0.0000],
        [ 0.0000,  0.0000,  0.0000,  0.0000,  0.0000],
        [ 0.0000,  0.0000,  0.0000,  0.0000, -1.3940],
        [-1.1278,  0.0000,  0.0000,  0.0000,  0.0000]], device='cuda:0')
--- likelihood: -138800617488384.0, sparsity: 47.77363204956055, mG: 25.0, total score: -138800617488384.0
--- B_distance: 12.893172264099121
tensor([[-1.6425,  0.7783,  0.6789, -3.7129,  2.8553],
        [-1.8349,  1.5935,  0.7591, -4.2806,  3.9593],
        [ 0.3382, -0.2532, -0.0259, -1.3583, -0.2974],
        [-2.9188,  1.0920,  0.4195, -3.1057,  2.4200],
        [ 3.6620, -0.7485, -0.8931,  4.7658, -3.3799]], device='cuda:0',
       grad_fn=<CloneBackward0>) 
 tensor([[ 0.0000, -1.5284,  0.0000,  0.0000,  0.0000],
        [ 0.0000,  0.0000,  1.8913,  0.0000,  0.0000],
        [ 0.0000,  0.0000,  0.0000,  0.0000,  0.0000],
        [ 0.0000,  0.0000,  0.0000,  0.0000, -1.3940],
        [-1.1278,  0.0000,  0.0000,  0.0000,  0.0000]], device='cuda:0')
--- likelihood: -138800617488384.0, sparsity: 47.77363204956055, mG: 25.0, total score: -138800617488384.0
--- B_distance: 12.893172264099121
tensor([[-1.6425,  0.7783,  0.6789, -3.7129,  2.8553],
        [-1.8349,  1.5935,  0.7591, -4.2806,  3.9593],
        [ 0.3382, -0.2532, -0.0259, -1.3583, -0.2974],
        [-2.9188,  1.0920,  0.4195, -3.1057,  2.4200],
        [ 3.6620, -0.7485, -0.8931,  4.7658, -3.3799]], device='cuda:0',
       grad_fn=<CloneBackward0>) 
 tensor([[ 0.0000, -1.5284,  0.0000,  0.0000,  0.0000],
        [ 0.0000,  0.0000,  1.8913,  0.0000,  0.0000],
        [ 0.0000,  0.0000,  0.0000,  0.0000,  0.0000],
        [ 0.0000,  0.0000,  0.0000,  0.0000, -1.3940],
        [-1.1278,  0.0000,  0.0000,  0.0000,  0.0000]], device='cuda:0')
--- likelihood: -138800617488384.0, sparsity: 47.77363204956055, mG: 25.0, total score: -138800617488384.0
--- B_distance: 12.893172264099121
tensor([[-1.6425,  0.7783,  0.6789, -3.7129,  2.8553],
        [-1.8349,  1.5935,  0.7591, -4.2806,  3.9593],
        [ 0.3382, -0.2532, -0.0259, -1.3583, -0.2974],
        [-2.9188,  1.0920,  0.4195, -3.1057,  2.4200],
        [ 3.6620, -0.7485, -0.8931,  4.7658, -3.3799]], device='cuda:0',
       grad_fn=<CloneBackward0>) 
 tensor([[ 0.0000, -1.5284,  0.0000,  0.0000,  0.0000],
        [ 0.0000,  0.0000,  1.8913,  0.0000,  0.0000],
        [ 0.0000,  0.0000,  0.0000,  0.0000,  0.0000],
        [ 0.0000,  0.0000,  0.0000,  0.0000, -1.3940],
        [-1.1278,  0.0000,  0.0000,  0.0000,  0.0000]], device='cuda:0')
--- likelihood: -138800617488384.0, sparsity: 47.77363204956055, mG: 25.0, total score: -138800617488384.0
--- B_distance: 12.893172264099121
tensor([[-1.6425,  0.7783,  0.6789, -3.7129,  2.8553],
        [-1.8349,  1.5935,  0.7591, -4.2806,  3.9593],
        [ 0.3382, -0.2532, -0.0259, -1.3583, -0.2974],
        [-2.9188,  1.0920,  0.4195, -3.1057,  2.4200],
        [ 3.6620, -0.7485, -0.8931,  4.7658, -3.3799]], device='cuda:0',
       grad_fn=<CloneBackward0>) 
 tensor([[ 0.0000, -1.5284,  0.0000,  0.0000,  0.0000],
        [ 0.0000,  0.0000,  1.8913,  0.0000,  0.0000],
        [ 0.0000,  0.0000,  0.0000,  0.0000,  0.0000],
        [ 0.0000,  0.0000,  0.0000,  0.0000, -1.3940],
        [-1.1278,  0.0000,  0.0000,  0.0000,  0.0000]], device='cuda:0')
--- likelihood: -138800617488384.0, sparsity: 47.77363204956055, mG: 25.0, total score: -138800617488384.0
--- B_distance: 12.893172264099121
tensor([[-1.6425,  0.7783,  0.6789, -3.7129,  2.8553],
        [-1.8349,  1.5935,  0.7591, -4.2806,  3.9593],
        [ 0.3382, -0.2532, -0.0259, -1.3583, -0.2974],
        [-2.9188,  1.0920,  0.4195, -3.1057,  2.4200],
        [ 3.6620, -0.7485, -0.8931,  4.7658, -3.3799]], device='cuda:0',
       grad_fn=<CloneBackward0>) 
 tensor([[ 0.0000, -1.5284,  0.0000,  0.0000,  0.0000],
        [ 0.0000,  0.0000,  1.8913,  0.0000,  0.0000],
        [ 0.0000,  0.0000,  0.0000,  0.0000,  0.0000],
        [ 0.0000,  0.0000,  0.0000,  0.0000, -1.3940],
        [-1.1278,  0.0000,  0.0000,  0.0000,  0.0000]], device='cuda:0')
--- likelihood: -138800617488384.0, sparsity: 47.77363204956055, mG: 25.0, total score: -138800617488384.0
--- B_distance: 12.893172264099121
tensor([[-1.6425,  0.7783,  0.6789, -3.7129,  2.8553],
        [-1.8349,  1.5935,  0.7591, -4.2806,  3.9593],
        [ 0.3382, -0.2532, -0.0259, -1.3583, -0.2974],
        [-2.9188,  1.0920,  0.4195, -3.1057,  2.4200],
        [ 3.6620, -0.7485, -0.8931,  4.7658, -3.3799]], device='cuda:0',
       grad_fn=<CloneBackward0>) 
 tensor([[ 0.0000, -1.5284,  0.0000,  0.0000,  0.0000],
        [ 0.0000,  0.0000,  1.8913,  0.0000,  0.0000],
        [ 0.0000,  0.0000,  0.0000,  0.0000,  0.0000],
        [ 0.0000,  0.0000,  0.0000,  0.0000, -1.3940],
        [-1.1278,  0.0000,  0.0000,  0.0000,  0.0000]], device='cuda:0')
--- likelihood: -138800617488384.0, sparsity: 47.77363204956055, mG: 25.0, total score: -138800617488384.0
--- B_distance: 12.893172264099121
tensor([[-1.6425,  0.7783,  0.6789, -3.7129,  2.8553],
        [-1.8349,  1.5935,  0.7591, -4.2806,  3.9593],
        [ 0.3382, -0.2532, -0.0259, -1.3583, -0.2974],
        [-2.9188,  1.0920,  0.4195, -3.1057,  2.4200],
        [ 3.6620, -0.7485, -0.8931,  4.7658, -3.3799]], device='cuda:0',
       grad_fn=<CloneBackward0>) 
 tensor([[ 0.0000, -1.5284,  0.0000,  0.0000,  0.0000],
        [ 0.0000,  0.0000,  1.8913,  0.0000,  0.0000],
        [ 0.0000,  0.0000,  0.0000,  0.0000,  0.0000],
        [ 0.0000,  0.0000,  0.0000,  0.0000, -1.3940],
        [-1.1278,  0.0000,  0.0000,  0.0000,  0.0000]], device='cuda:0')
--- likelihood: -138800617488384.0, sparsity: 47.77363204956055, mG: 25.0, total score: -138800617488384.0
--- B_distance: 12.893172264099121
tensor([[-1.6425,  0.7783,  0.6789, -3.7129,  2.8553],
        [-1.8349,  1.5935,  0.7591, -4.2806,  3.9593],
        [ 0.3382, -0.2532, -0.0259, -1.3583, -0.2974],
        [-2.9188,  1.0920,  0.4195, -3.1057,  2.4200],
        [ 3.6620, -0.7485, -0.8931,  4.7658, -3.3799]], device='cuda:0',
       grad_fn=<CloneBackward0>) 
 tensor([[ 0.0000, -1.5284,  0.0000,  0.0000,  0.0000],
        [ 0.0000,  0.0000,  1.8913,  0.0000,  0.0000],
        [ 0.0000,  0.0000,  0.0000,  0.0000,  0.0000],
        [ 0.0000,  0.0000,  0.0000,  0.0000, -1.3940],
        [-1.1278,  0.0000,  0.0000,  0.0000,  0.0000]], device='cuda:0')
--- likelihood: -138800617488384.0, sparsity: 47.77363204956055, mG: 25.0, total score: -138800617488384.0
--- B_distance: 12.893172264099121
tensor([[-1.6425,  0.7783,  0.6789, -3.7129,  2.8553],
        [-1.8349,  1.5935,  0.7591, -4.2806,  3.9593],
        [ 0.3382, -0.2532, -0.0259, -1.3583, -0.2974],
        [-2.9188,  1.0920,  0.4195, -3.1057,  2.4200],
        [ 3.6620, -0.7485, -0.8931,  4.7658, -3.3799]], device='cuda:0',
       grad_fn=<CloneBackward0>) 
 tensor([[ 0.0000, -1.5284,  0.0000,  0.0000,  0.0000],
        [ 0.0000,  0.0000,  1.8913,  0.0000,  0.0000],
        [ 0.0000,  0.0000,  0.0000,  0.0000,  0.0000],
        [ 0.0000,  0.0000,  0.0000,  0.0000, -1.3940],
        [-1.1278,  0.0000,  0.0000,  0.0000,  0.0000]], device='cuda:0')
--- likelihood: -138800617488384.0, sparsity: 47.77363204956055, mG: 25.0, total score: -138800617488384.0
--- B_distance: 12.893172264099121
tensor([[-1.6425,  0.7783,  0.6789, -3.7129,  2.8553],
        [-1.8349,  1.5935,  0.7591, -4.2806,  3.9593],
        [ 0.3382, -0.2532, -0.0259, -1.3583, -0.2974],
        [-2.9188,  1.0920,  0.4195, -3.1057,  2.4200],
        [ 3.6620, -0.7485, -0.8931,  4.7658, -3.3799]], device='cuda:0',
       grad_fn=<CloneBackward0>) 
 tensor([[ 0.0000, -1.5284,  0.0000,  0.0000,  0.0000],
        [ 0.0000,  0.0000,  1.8913,  0.0000,  0.0000],
        [ 0.0000,  0.0000,  0.0000,  0.0000,  0.0000],
        [ 0.0000,  0.0000,  0.0000,  0.0000, -1.3940],
        [-1.1278,  0.0000,  0.0000,  0.0000,  0.0000]], device='cuda:0')
--- likelihood: -138800617488384.0, sparsity: 47.77363204956055, mG: 25.0, total score: -138800617488384.0
--- B_distance: 12.893172264099121
tensor([[-1.6425,  0.7783,  0.6789, -3.7129,  2.8553],
        [-1.8349,  1.5935,  0.7591, -4.2806,  3.9593],
        [ 0.3382, -0.2532, -0.0259, -1.3583, -0.2974],
        [-2.9188,  1.0920,  0.4195, -3.1057,  2.4200],
        [ 3.6620, -0.7485, -0.8931,  4.7658, -3.3799]], device='cuda:0',
       grad_fn=<CloneBackward0>) 
 tensor([[ 0.0000, -1.5284,  0.0000,  0.0000,  0.0000],
        [ 0.0000,  0.0000,  1.8913,  0.0000,  0.0000],
        [ 0.0000,  0.0000,  0.0000,  0.0000,  0.0000],
        [ 0.0000,  0.0000,  0.0000,  0.0000, -1.3940],
        [-1.1278,  0.0000,  0.0000,  0.0000,  0.0000]], device='cuda:0')
--- likelihood: -138800617488384.0, sparsity: 47.77363204956055, mG: 25.0, total score: -138800617488384.0
--- B_distance: 12.893172264099121
tensor([[-1.6425,  0.7783,  0.6789, -3.7129,  2.8553],
        [-1.8349,  1.5935,  0.7591, -4.2806,  3.9593],
        [ 0.3382, -0.2532, -0.0259, -1.3583, -0.2974],
        [-2.9188,  1.0920,  0.4195, -3.1057,  2.4200],
        [ 3.6620, -0.7485, -0.8931,  4.7658, -3.3799]], device='cuda:0',
       grad_fn=<CloneBackward0>) 
 tensor([[ 0.0000, -1.5284,  0.0000,  0.0000,  0.0000],
        [ 0.0000,  0.0000,  1.8913,  0.0000,  0.0000],
        [ 0.0000,  0.0000,  0.0000,  0.0000,  0.0000],
        [ 0.0000,  0.0000,  0.0000,  0.0000, -1.3940],
        [-1.1278,  0.0000,  0.0000,  0.0000,  0.0000]], device='cuda:0')
--- likelihood: -138800617488384.0, sparsity: 47.77363204956055, mG: 25.0, total score: -138800617488384.0
--- B_distance: 12.893172264099121
tensor([[-1.6425,  0.7783,  0.6789, -3.7129,  2.8553],
        [-1.8349,  1.5935,  0.7591, -4.2806,  3.9593],
        [ 0.3382, -0.2532, -0.0259, -1.3583, -0.2974],
        [-2.9188,  1.0920,  0.4195, -3.1057,  2.4200],
        [ 3.6620, -0.7485, -0.8931,  4.7658, -3.3799]], device='cuda:0',
       grad_fn=<CloneBackward0>) 
 tensor([[ 0.0000, -1.5284,  0.0000,  0.0000,  0.0000],
        [ 0.0000,  0.0000,  1.8913,  0.0000,  0.0000],
        [ 0.0000,  0.0000,  0.0000,  0.0000,  0.0000],
        [ 0.0000,  0.0000,  0.0000,  0.0000, -1.3940],
        [-1.1278,  0.0000,  0.0000,  0.0000,  0.0000]], device='cuda:0')
--- likelihood: -138800617488384.0, sparsity: 47.77363204956055, mG: 25.0, total score: -138800617488384.0
--- B_distance: 12.893172264099121
tensor([[-1.6425,  0.7783,  0.6789, -3.7129,  2.8553],
        [-1.8349,  1.5935,  0.7591, -4.2806,  3.9593],
        [ 0.3382, -0.2532, -0.0259, -1.3583, -0.2974],
        [-2.9188,  1.0920,  0.4195, -3.1057,  2.4200],
        [ 3.6620, -0.7485, -0.8931,  4.7658, -3.3799]], device='cuda:0',
       grad_fn=<CloneBackward0>) 
 tensor([[ 0.0000, -1.5284,  0.0000,  0.0000,  0.0000],
        [ 0.0000,  0.0000,  1.8913,  0.0000,  0.0000],
        [ 0.0000,  0.0000,  0.0000,  0.0000,  0.0000],
        [ 0.0000,  0.0000,  0.0000,  0.0000, -1.3940],
        [-1.1278,  0.0000,  0.0000,  0.0000,  0.0000]], device='cuda:0')
--- likelihood: -138800617488384.0, sparsity: 47.77363204956055, mG: 25.0, total score: -138800617488384.0
--- B_distance: 12.893172264099121
tensor([[-1.6425,  0.7783,  0.6789, -3.7129,  2.8553],
        [-1.8349,  1.5935,  0.7591, -4.2806,  3.9593],
        [ 0.3382, -0.2532, -0.0259, -1.3583, -0.2974],
        [-2.9188,  1.0920,  0.4195, -3.1057,  2.4200],
        [ 3.6620, -0.7485, -0.8931,  4.7658, -3.3799]], device='cuda:0',
       grad_fn=<CloneBackward0>) 
 tensor([[ 0.0000, -1.5284,  0.0000,  0.0000,  0.0000],
        [ 0.0000,  0.0000,  1.8913,  0.0000,  0.0000],
        [ 0.0000,  0.0000,  0.0000,  0.0000,  0.0000],
        [ 0.0000,  0.0000,  0.0000,  0.0000, -1.3940],
        [-1.1278,  0.0000,  0.0000,  0.0000,  0.0000]], device='cuda:0')
--- likelihood: -138800617488384.0, sparsity: 47.77363204956055, mG: 25.0, total score: -138800617488384.0
--- B_distance: 12.893172264099121
tensor([[-1.6425,  0.7783,  0.6789, -3.7129,  2.8553],
        [-1.8349,  1.5935,  0.7591, -4.2806,  3.9593],
        [ 0.3382, -0.2532, -0.0259, -1.3583, -0.2974],
        [-2.9188,  1.0920,  0.4195, -3.1057,  2.4200],
        [ 3.6620, -0.7485, -0.8931,  4.7658, -3.3799]], device='cuda:0',
       grad_fn=<CloneBackward0>) 
 tensor([[ 0.0000, -1.5284,  0.0000,  0.0000,  0.0000],
        [ 0.0000,  0.0000,  1.8913,  0.0000,  0.0000],
        [ 0.0000,  0.0000,  0.0000,  0.0000,  0.0000],
        [ 0.0000,  0.0000,  0.0000,  0.0000, -1.3940],
        [-1.1278,  0.0000,  0.0000,  0.0000,  0.0000]], device='cuda:0')
--- likelihood: -138800617488384.0, sparsity: 47.77363204956055, mG: 25.0, total score: -138800617488384.0
--- B_distance: 12.893172264099121
tensor([[-1.6425,  0.7783,  0.6789, -3.7129,  2.8553],
        [-1.8349,  1.5935,  0.7591, -4.2806,  3.9593],
        [ 0.3382, -0.2532, -0.0259, -1.3583, -0.2974],
        [-2.9188,  1.0920,  0.4195, -3.1057,  2.4200],
        [ 3.6620, -0.7485, -0.8931,  4.7658, -3.3799]], device='cuda:0',
       grad_fn=<CloneBackward0>) 
 tensor([[ 0.0000, -1.5284,  0.0000,  0.0000,  0.0000],
        [ 0.0000,  0.0000,  1.8913,  0.0000,  0.0000],
        [ 0.0000,  0.0000,  0.0000,  0.0000,  0.0000],
        [ 0.0000,  0.0000,  0.0000,  0.0000, -1.3940],
        [-1.1278,  0.0000,  0.0000,  0.0000,  0.0000]], device='cuda:0')
--- likelihood: -138800617488384.0, sparsity: 47.77363204956055, mG: 25.0, total score: -138800617488384.0
--- B_distance: 12.893172264099121
tensor([[-1.6425,  0.7783,  0.6789, -3.7129,  2.8553],
        [-1.8349,  1.5935,  0.7591, -4.2806,  3.9593],
        [ 0.3382, -0.2532, -0.0259, -1.3583, -0.2974],
        [-2.9188,  1.0920,  0.4195, -3.1057,  2.4200],
        [ 3.6620, -0.7485, -0.8931,  4.7658, -3.3799]], device='cuda:0',
       grad_fn=<CloneBackward0>) 
 tensor([[ 0.0000, -1.5284,  0.0000,  0.0000,  0.0000],
        [ 0.0000,  0.0000,  1.8913,  0.0000,  0.0000],
        [ 0.0000,  0.0000,  0.0000,  0.0000,  0.0000],
        [ 0.0000,  0.0000,  0.0000,  0.0000, -1.3940],
        [-1.1278,  0.0000,  0.0000,  0.0000,  0.0000]], device='cuda:0')
--- likelihood: -138800617488384.0, sparsity: 47.77363204956055, mG: 25.0, total score: -138800617488384.0
--- B_distance: 12.893172264099121
tensor([[-1.6425,  0.7783,  0.6789, -3.7129,  2.8553],
        [-1.8349,  1.5935,  0.7591, -4.2806,  3.9593],
        [ 0.3382, -0.2532, -0.0259, -1.3583, -0.2974],
        [-2.9188,  1.0920,  0.4195, -3.1057,  2.4200],
        [ 3.6620, -0.7485, -0.8931,  4.7658, -3.3799]], device='cuda:0',
       grad_fn=<CloneBackward0>) 
 tensor([[ 0.0000, -1.5284,  0.0000,  0.0000,  0.0000],
        [ 0.0000,  0.0000,  1.8913,  0.0000,  0.0000],
        [ 0.0000,  0.0000,  0.0000,  0.0000,  0.0000],
        [ 0.0000,  0.0000,  0.0000,  0.0000, -1.3940],
        [-1.1278,  0.0000,  0.0000,  0.0000,  0.0000]], device='cuda:0')
--- likelihood: -138800617488384.0, sparsity: 47.77363204956055, mG: 25.0, total score: -138800617488384.0
--- B_distance: 12.893172264099121
tensor([[-1.6425,  0.7783,  0.6789, -3.7129,  2.8553],
        [-1.8349,  1.5935,  0.7591, -4.2806,  3.9593],
        [ 0.3382, -0.2532, -0.0259, -1.3583, -0.2974],
        [-2.9188,  1.0920,  0.4195, -3.1057,  2.4200],
        [ 3.6620, -0.7485, -0.8931,  4.7658, -3.3799]], device='cuda:0',
       grad_fn=<CloneBackward0>) 
 tensor([[ 0.0000, -1.5284,  0.0000,  0.0000,  0.0000],
        [ 0.0000,  0.0000,  1.8913,  0.0000,  0.0000],
        [ 0.0000,  0.0000,  0.0000,  0.0000,  0.0000],
        [ 0.0000,  0.0000,  0.0000,  0.0000, -1.3940],
        [-1.1278,  0.0000,  0.0000,  0.0000,  0.0000]], device='cuda:0')
--- likelihood: -138800617488384.0, sparsity: 47.77363204956055, mG: 25.0, total score: -138800617488384.0
--- B_distance: 12.893172264099121
tensor([[-1.6425,  0.7783,  0.6789, -3.7129,  2.8553],
        [-1.8349,  1.5935,  0.7591, -4.2806,  3.9593],
        [ 0.3382, -0.2532, -0.0259, -1.3583, -0.2974],
        [-2.9188,  1.0920,  0.4195, -3.1057,  2.4200],
        [ 3.6620, -0.7485, -0.8931,  4.7658, -3.3799]], device='cuda:0',
       grad_fn=<CloneBackward0>) 
 tensor([[ 0.0000, -1.5284,  0.0000,  0.0000,  0.0000],
        [ 0.0000,  0.0000,  1.8913,  0.0000,  0.0000],
        [ 0.0000,  0.0000,  0.0000,  0.0000,  0.0000],
        [ 0.0000,  0.0000,  0.0000,  0.0000, -1.3940],
        [-1.1278,  0.0000,  0.0000,  0.0000,  0.0000]], device='cuda:0')
--- likelihood: -138800617488384.0, sparsity: 47.77363204956055, mG: 25.0, total score: -138800617488384.0
--- B_distance: 12.893172264099121
tensor([[-1.6425,  0.7783,  0.6789, -3.7129,  2.8553],
        [-1.8349,  1.5935,  0.7591, -4.2806,  3.9593],
        [ 0.3382, -0.2532, -0.0259, -1.3583, -0.2974],
        [-2.9188,  1.0920,  0.4195, -3.1057,  2.4200],
        [ 3.6620, -0.7485, -0.8931,  4.7658, -3.3799]], device='cuda:0',
       grad_fn=<CloneBackward0>) 
 tensor([[ 0.0000, -1.5284,  0.0000,  0.0000,  0.0000],
        [ 0.0000,  0.0000,  1.8913,  0.0000,  0.0000],
        [ 0.0000,  0.0000,  0.0000,  0.0000,  0.0000],
        [ 0.0000,  0.0000,  0.0000,  0.0000, -1.3940],
        [-1.1278,  0.0000,  0.0000,  0.0000,  0.0000]], device='cuda:0')
--- likelihood: -138800617488384.0, sparsity: 47.77363204956055, mG: 25.0, total score: -138800617488384.0
--- B_distance: 12.893172264099121
tensor([[-1.6425,  0.7783,  0.6789, -3.7129,  2.8553],
        [-1.8349,  1.5935,  0.7591, -4.2806,  3.9593],
        [ 0.3382, -0.2532, -0.0259, -1.3583, -0.2974],
        [-2.9188,  1.0920,  0.4195, -3.1057,  2.4200],
        [ 3.6620, -0.7485, -0.8931,  4.7658, -3.3799]], device='cuda:0',
       grad_fn=<CloneBackward0>) 
 tensor([[ 0.0000, -1.5284,  0.0000,  0.0000,  0.0000],
        [ 0.0000,  0.0000,  1.8913,  0.0000,  0.0000],
        [ 0.0000,  0.0000,  0.0000,  0.0000,  0.0000],
        [ 0.0000,  0.0000,  0.0000,  0.0000, -1.3940],
        [-1.1278,  0.0000,  0.0000,  0.0000,  0.0000]], device='cuda:0')
--- likelihood: -138800617488384.0, sparsity: 47.77363204956055, mG: 25.0, total score: -138800617488384.0
--- B_distance: 12.893172264099121
tensor([[-1.6425,  0.7783,  0.6789, -3.7129,  2.8553],
        [-1.8349,  1.5935,  0.7591, -4.2806,  3.9593],
        [ 0.3382, -0.2532, -0.0259, -1.3583, -0.2974],
        [-2.9188,  1.0920,  0.4195, -3.1057,  2.4200],
        [ 3.6620, -0.7485, -0.8931,  4.7658, -3.3799]], device='cuda:0',
       grad_fn=<CloneBackward0>) 
 tensor([[ 0.0000, -1.5284,  0.0000,  0.0000,  0.0000],
        [ 0.0000,  0.0000,  1.8913,  0.0000,  0.0000],
        [ 0.0000,  0.0000,  0.0000,  0.0000,  0.0000],
        [ 0.0000,  0.0000,  0.0000,  0.0000, -1.3940],
        [-1.1278,  0.0000,  0.0000,  0.0000,  0.0000]], device='cuda:0')
--- likelihood: -138800617488384.0, sparsity: 47.77363204956055, mG: 25.0, total score: -138800617488384.0
--- B_distance: 12.893172264099121
tensor([[-1.6425,  0.7783,  0.6789, -3.7129,  2.8553],
        [-1.8349,  1.5935,  0.7591, -4.2806,  3.9593],
        [ 0.3382, -0.2532, -0.0259, -1.3583, -0.2974],
        [-2.9188,  1.0920,  0.4195, -3.1057,  2.4200],
        [ 3.6620, -0.7485, -0.8931,  4.7658, -3.3799]], device='cuda:0',
       grad_fn=<CloneBackward0>) 
 tensor([[ 0.0000, -1.5284,  0.0000,  0.0000,  0.0000],
        [ 0.0000,  0.0000,  1.8913,  0.0000,  0.0000],
        [ 0.0000,  0.0000,  0.0000,  0.0000,  0.0000],
        [ 0.0000,  0.0000,  0.0000,  0.0000, -1.3940],
        [-1.1278,  0.0000,  0.0000,  0.0000,  0.0000]], device='cuda:0')
--- likelihood: -138800617488384.0, sparsity: 47.77363204956055, mG: 25.0, total score: -138800617488384.0
--- B_distance: 12.893172264099121
tensor([[-1.6425,  0.7783,  0.6789, -3.7129,  2.8553],
        [-1.8349,  1.5935,  0.7591, -4.2806,  3.9593],
        [ 0.3382, -0.2532, -0.0259, -1.3583, -0.2974],
        [-2.9188,  1.0920,  0.4195, -3.1057,  2.4200],
        [ 3.6620, -0.7485, -0.8931,  4.7658, -3.3799]], device='cuda:0',
       grad_fn=<CloneBackward0>) 
 tensor([[ 0.0000, -1.5284,  0.0000,  0.0000,  0.0000],
        [ 0.0000,  0.0000,  1.8913,  0.0000,  0.0000],
        [ 0.0000,  0.0000,  0.0000,  0.0000,  0.0000],
        [ 0.0000,  0.0000,  0.0000,  0.0000, -1.3940],
        [-1.1278,  0.0000,  0.0000,  0.0000,  0.0000]], device='cuda:0')
--- likelihood: -138800617488384.0, sparsity: 47.77363204956055, mG: 25.0, total score: -138800617488384.0
--- B_distance: 12.893172264099121
tensor([[-1.6425,  0.7783,  0.6789, -3.7129,  2.8553],
        [-1.8349,  1.5935,  0.7591, -4.2806,  3.9593],
        [ 0.3382, -0.2532, -0.0259, -1.3583, -0.2974],
        [-2.9188,  1.0920,  0.4195, -3.1057,  2.4200],
        [ 3.6620, -0.7485, -0.8931,  4.7658, -3.3799]], device='cuda:0',
       grad_fn=<CloneBackward0>) 
 tensor([[ 0.0000, -1.5284,  0.0000,  0.0000,  0.0000],
        [ 0.0000,  0.0000,  1.8913,  0.0000,  0.0000],
        [ 0.0000,  0.0000,  0.0000,  0.0000,  0.0000],
        [ 0.0000,  0.0000,  0.0000,  0.0000, -1.3940],
        [-1.1278,  0.0000,  0.0000,  0.0000,  0.0000]], device='cuda:0')
--- likelihood: -138800617488384.0, sparsity: 47.77363204956055, mG: 25.0, total score: -138800617488384.0
--- B_distance: 12.893172264099121
tensor([[-1.6425,  0.7783,  0.6789, -3.7129,  2.8553],
        [-1.8349,  1.5935,  0.7591, -4.2806,  3.9593],
        [ 0.3382, -0.2532, -0.0259, -1.3583, -0.2974],
        [-2.9188,  1.0920,  0.4195, -3.1057,  2.4200],
        [ 3.6620, -0.7485, -0.8931,  4.7658, -3.3799]], device='cuda:0',
       grad_fn=<CloneBackward0>) 
 tensor([[ 0.0000, -1.5284,  0.0000,  0.0000,  0.0000],
        [ 0.0000,  0.0000,  1.8913,  0.0000,  0.0000],
        [ 0.0000,  0.0000,  0.0000,  0.0000,  0.0000],
        [ 0.0000,  0.0000,  0.0000,  0.0000, -1.3940],
        [-1.1278,  0.0000,  0.0000,  0.0000,  0.0000]], device='cuda:0')
--- likelihood: -138800617488384.0, sparsity: 47.77363204956055, mG: 25.0, total score: -138800617488384.0
--- B_distance: 12.893172264099121
tensor([[-1.6425,  0.7783,  0.6789, -3.7129,  2.8553],
        [-1.8349,  1.5935,  0.7591, -4.2806,  3.9593],
        [ 0.3382, -0.2532, -0.0259, -1.3583, -0.2974],
        [-2.9188,  1.0920,  0.4195, -3.1057,  2.4200],
        [ 3.6620, -0.7485, -0.8931,  4.7658, -3.3799]], device='cuda:0',
       grad_fn=<CloneBackward0>) 
 tensor([[ 0.0000, -1.5284,  0.0000,  0.0000,  0.0000],
        [ 0.0000,  0.0000,  1.8913,  0.0000,  0.0000],
        [ 0.0000,  0.0000,  0.0000,  0.0000,  0.0000],
        [ 0.0000,  0.0000,  0.0000,  0.0000, -1.3940],
        [-1.1278,  0.0000,  0.0000,  0.0000,  0.0000]], device='cuda:0')
--- likelihood: -138800617488384.0, sparsity: 47.77363204956055, mG: 25.0, total score: -138800617488384.0
--- B_distance: 12.893172264099121
tensor([[-1.6425,  0.7783,  0.6789, -3.7129,  2.8553],
        [-1.8349,  1.5935,  0.7591, -4.2806,  3.9593],
        [ 0.3382, -0.2532, -0.0259, -1.3583, -0.2974],
        [-2.9188,  1.0920,  0.4195, -3.1057,  2.4200],
        [ 3.6620, -0.7485, -0.8931,  4.7658, -3.3799]], device='cuda:0',
       grad_fn=<CloneBackward0>) 
 tensor([[ 0.0000, -1.5284,  0.0000,  0.0000,  0.0000],
        [ 0.0000,  0.0000,  1.8913,  0.0000,  0.0000],
        [ 0.0000,  0.0000,  0.0000,  0.0000,  0.0000],
        [ 0.0000,  0.0000,  0.0000,  0.0000, -1.3940],
        [-1.1278,  0.0000,  0.0000,  0.0000,  0.0000]], device='cuda:0')
--- likelihood: -138800617488384.0, sparsity: 47.77363204956055, mG: 25.0, total score: -138800617488384.0
--- B_distance: 12.893172264099121
tensor([[-1.6425,  0.7783,  0.6789, -3.7129,  2.8553],
        [-1.8349,  1.5935,  0.7591, -4.2806,  3.9593],
        [ 0.3382, -0.2532, -0.0259, -1.3583, -0.2974],
        [-2.9188,  1.0920,  0.4195, -3.1057,  2.4200],
        [ 3.6620, -0.7485, -0.8931,  4.7658, -3.3799]], device='cuda:0',
       grad_fn=<CloneBackward0>) 
 tensor([[ 0.0000, -1.5284,  0.0000,  0.0000,  0.0000],
        [ 0.0000,  0.0000,  1.8913,  0.0000,  0.0000],
        [ 0.0000,  0.0000,  0.0000,  0.0000,  0.0000],
        [ 0.0000,  0.0000,  0.0000,  0.0000, -1.3940],
        [-1.1278,  0.0000,  0.0000,  0.0000,  0.0000]], device='cuda:0')
--- likelihood: -138800617488384.0, sparsity: 47.77363204956055, mG: 25.0, total score: -138800617488384.0
--- B_distance: 12.893172264099121
tensor([[-1.6425,  0.7783,  0.6789, -3.7129,  2.8553],
        [-1.8349,  1.5935,  0.7591, -4.2806,  3.9593],
        [ 0.3382, -0.2532, -0.0259, -1.3583, -0.2974],
        [-2.9188,  1.0920,  0.4195, -3.1057,  2.4200],
        [ 3.6620, -0.7485, -0.8931,  4.7658, -3.3799]], device='cuda:0',
       grad_fn=<CloneBackward0>) 
 tensor([[ 0.0000, -1.5284,  0.0000,  0.0000,  0.0000],
        [ 0.0000,  0.0000,  1.8913,  0.0000,  0.0000],
        [ 0.0000,  0.0000,  0.0000,  0.0000,  0.0000],
        [ 0.0000,  0.0000,  0.0000,  0.0000, -1.3940],
        [-1.1278,  0.0000,  0.0000,  0.0000,  0.0000]], device='cuda:0')
--- likelihood: -138800617488384.0, sparsity: 47.77363204956055, mG: 25.0, total score: -138800617488384.0
--- B_distance: 12.893172264099121
tensor([[-1.6425,  0.7783,  0.6789, -3.7129,  2.8553],
        [-1.8349,  1.5935,  0.7591, -4.2806,  3.9593],
        [ 0.3382, -0.2532, -0.0259, -1.3583, -0.2974],
        [-2.9188,  1.0920,  0.4195, -3.1057,  2.4200],
        [ 3.6620, -0.7485, -0.8931,  4.7658, -3.3799]], device='cuda:0',
       grad_fn=<CloneBackward0>) 
 tensor([[ 0.0000, -1.5284,  0.0000,  0.0000,  0.0000],
        [ 0.0000,  0.0000,  1.8913,  0.0000,  0.0000],
        [ 0.0000,  0.0000,  0.0000,  0.0000,  0.0000],
        [ 0.0000,  0.0000,  0.0000,  0.0000, -1.3940],
        [-1.1278,  0.0000,  0.0000,  0.0000,  0.0000]], device='cuda:0')
--- likelihood: -138800617488384.0, sparsity: 47.77363204956055, mG: 25.0, total score: -138800617488384.0
--- B_distance: 12.893172264099121
tensor([[-1.6425,  0.7783,  0.6789, -3.7129,  2.8553],
        [-1.8349,  1.5935,  0.7591, -4.2806,  3.9593],
        [ 0.3382, -0.2532, -0.0259, -1.3583, -0.2974],
        [-2.9188,  1.0920,  0.4195, -3.1057,  2.4200],
        [ 3.6620, -0.7485, -0.8931,  4.7658, -3.3799]], device='cuda:0',
       grad_fn=<CloneBackward0>) 
 tensor([[ 0.0000, -1.5284,  0.0000,  0.0000,  0.0000],
        [ 0.0000,  0.0000,  1.8913,  0.0000,  0.0000],
        [ 0.0000,  0.0000,  0.0000,  0.0000,  0.0000],
        [ 0.0000,  0.0000,  0.0000,  0.0000, -1.3940],
        [-1.1278,  0.0000,  0.0000,  0.0000,  0.0000]], device='cuda:0')
--- likelihood: -138800617488384.0, sparsity: 47.77363204956055, mG: 25.0, total score: -138800617488384.0
--- B_distance: 12.893172264099121
tensor([[-1.6425,  0.7783,  0.6789, -3.7129,  2.8553],
        [-1.8349,  1.5935,  0.7591, -4.2806,  3.9593],
        [ 0.3382, -0.2532, -0.0259, -1.3583, -0.2974],
        [-2.9188,  1.0920,  0.4195, -3.1057,  2.4200],
        [ 3.6620, -0.7485, -0.8931,  4.7658, -3.3799]], device='cuda:0',
       grad_fn=<CloneBackward0>) 
 tensor([[ 0.0000, -1.5284,  0.0000,  0.0000,  0.0000],
        [ 0.0000,  0.0000,  1.8913,  0.0000,  0.0000],
        [ 0.0000,  0.0000,  0.0000,  0.0000,  0.0000],
        [ 0.0000,  0.0000,  0.0000,  0.0000, -1.3940],
        [-1.1278,  0.0000,  0.0000,  0.0000,  0.0000]], device='cuda:0')
--- likelihood: -138800617488384.0, sparsity: 47.77363204956055, mG: 25.0, total score: -138800617488384.0
--- B_distance: 12.893172264099121
tensor([[-1.6425,  0.7783,  0.6789, -3.7129,  2.8553],
        [-1.8349,  1.5935,  0.7591, -4.2806,  3.9593],
        [ 0.3382, -0.2532, -0.0259, -1.3583, -0.2974],
        [-2.9188,  1.0920,  0.4195, -3.1057,  2.4200],
        [ 3.6620, -0.7485, -0.8931,  4.7658, -3.3799]], device='cuda:0',
       grad_fn=<CloneBackward0>) 
 tensor([[ 0.0000, -1.5284,  0.0000,  0.0000,  0.0000],
        [ 0.0000,  0.0000,  1.8913,  0.0000,  0.0000],
        [ 0.0000,  0.0000,  0.0000,  0.0000,  0.0000],
        [ 0.0000,  0.0000,  0.0000,  0.0000, -1.3940],
        [-1.1278,  0.0000,  0.0000,  0.0000,  0.0000]], device='cuda:0')
--- likelihood: -138800617488384.0, sparsity: 47.77363204956055, mG: 25.0, total score: -138800617488384.0
--- B_distance: 12.893172264099121
tensor([[-1.6425,  0.7783,  0.6789, -3.7129,  2.8553],
        [-1.8349,  1.5935,  0.7591, -4.2806,  3.9593],
        [ 0.3382, -0.2532, -0.0259, -1.3583, -0.2974],
        [-2.9188,  1.0920,  0.4195, -3.1057,  2.4200],
        [ 3.6620, -0.7485, -0.8931,  4.7658, -3.3799]], device='cuda:0',
       grad_fn=<CloneBackward0>) 
 tensor([[ 0.0000, -1.5284,  0.0000,  0.0000,  0.0000],
        [ 0.0000,  0.0000,  1.8913,  0.0000,  0.0000],
        [ 0.0000,  0.0000,  0.0000,  0.0000,  0.0000],
        [ 0.0000,  0.0000,  0.0000,  0.0000, -1.3940],
        [-1.1278,  0.0000,  0.0000,  0.0000,  0.0000]], device='cuda:0')
--- likelihood: -138800617488384.0, sparsity: 47.77363204956055, mG: 25.0, total score: -138800617488384.0
--- B_distance: 12.893172264099121
tensor([[-1.6425,  0.7783,  0.6789, -3.7129,  2.8553],
        [-1.8349,  1.5935,  0.7591, -4.2806,  3.9593],
        [ 0.3382, -0.2532, -0.0259, -1.3583, -0.2974],
        [-2.9188,  1.0920,  0.4195, -3.1057,  2.4200],
        [ 3.6620, -0.7485, -0.8931,  4.7658, -3.3799]], device='cuda:0',
       grad_fn=<CloneBackward0>) 
 tensor([[ 0.0000, -1.5284,  0.0000,  0.0000,  0.0000],
        [ 0.0000,  0.0000,  1.8913,  0.0000,  0.0000],
        [ 0.0000,  0.0000,  0.0000,  0.0000,  0.0000],
        [ 0.0000,  0.0000,  0.0000,  0.0000, -1.3940],
        [-1.1278,  0.0000,  0.0000,  0.0000,  0.0000]], device='cuda:0')
--- likelihood: -138800617488384.0, sparsity: 47.77363204956055, mG: 25.0, total score: -138800617488384.0
--- B_distance: 12.893172264099121
tensor([[-1.6425,  0.7783,  0.6789, -3.7129,  2.8553],
        [-1.8349,  1.5935,  0.7591, -4.2806,  3.9593],
        [ 0.3382, -0.2532, -0.0259, -1.3583, -0.2974],
        [-2.9188,  1.0920,  0.4195, -3.1057,  2.4200],
        [ 3.6620, -0.7485, -0.8931,  4.7658, -3.3799]], device='cuda:0',
       grad_fn=<CloneBackward0>) 
 tensor([[ 0.0000, -1.5284,  0.0000,  0.0000,  0.0000],
        [ 0.0000,  0.0000,  1.8913,  0.0000,  0.0000],
        [ 0.0000,  0.0000,  0.0000,  0.0000,  0.0000],
        [ 0.0000,  0.0000,  0.0000,  0.0000, -1.3940],
        [-1.1278,  0.0000,  0.0000,  0.0000,  0.0000]], device='cuda:0')
--- likelihood: -138800617488384.0, sparsity: 47.77363204956055, mG: 25.0, total score: -138800617488384.0
--- B_distance: 12.893172264099121
tensor([[-1.6425,  0.7783,  0.6789, -3.7129,  2.8553],
        [-1.8349,  1.5935,  0.7591, -4.2806,  3.9593],
        [ 0.3382, -0.2532, -0.0259, -1.3583, -0.2974],
        [-2.9188,  1.0920,  0.4195, -3.1057,  2.4200],
        [ 3.6620, -0.7485, -0.8931,  4.7658, -3.3799]], device='cuda:0',
       grad_fn=<CloneBackward0>) 
 tensor([[ 0.0000, -1.5284,  0.0000,  0.0000,  0.0000],
        [ 0.0000,  0.0000,  1.8913,  0.0000,  0.0000],
        [ 0.0000,  0.0000,  0.0000,  0.0000,  0.0000],
        [ 0.0000,  0.0000,  0.0000,  0.0000, -1.3940],
        [-1.1278,  0.0000,  0.0000,  0.0000,  0.0000]], device='cuda:0')
--Return--
> /home/minghao.fu/workspace/LatentTimeVaryingCausalDiscovery/main.py(193)main()->None
-> print(model.processed_est_B, '\n', B)
(Pdb) 
Traceback (most recent call last):
  File "/home/minghao.fu/workspace/LatentTimeVaryingCausalDiscovery/main.py", line 232, in <module>
    
^^^^^
  File "/home/minghao.fu/workspace/fmh_conda/lib/python3.11/bdb.py", line 94, in trace_dispatch
    return self.dispatch_return(frame, arg)
           ^^^^^^^^^^^^^^^^^^^^^^^^^^^^^^^^
  File "/home/minghao.fu/workspace/fmh_conda/lib/python3.11/bdb.py", line 156, in dispatch_return
    if self.quitting: raise BdbQuit
                      ^^^^^^^^^^^^^
bdb.BdbQuit
